Sandbox logs:
{
  "sandboxLog": "[ERROR] Runtime.ImportModuleError: Unable to import module 'app': No module named 'logger'\\n{\"errorMessage\":\"2025-04-04T04:58:14.352Z fe2bf1d9-088b-4624-8b66-c1fbcf163ddd Task timed out after 1.02 seconds\"}",
  "lambdaLog": "[ERROR] Runtime.ImportModuleError: Unable to import module 'app': No module named 'logger'\\n{\"errorMessage\":\"2025-04-04T04:58:14.352Z fe2bf1d9-088b-4624-8b66-c1fbcf163ddd Task timed out after 1.02 seconds\"}",
  "timestamp": 0
}
{
  "sandboxLog": "[ERROR] Runtime.ImportModuleError: Unable to import module 'app': No module named 'logger'\\n{\"errorMessage\":\"2025-04-04T04:58:16.232Z 049fbf0f-1881-4acd-b71d-168a95eaf6d4 Task timed out after 1.03 seconds\"}",
  "lambdaLog": "[ERROR] Runtime.ImportModuleError: Unable to import module 'app': No module named 'logger'\\n{\"errorMessage\":\"2025-04-04T04:58:16.232Z 049fbf0f-1881-4acd-b71d-168a95eaf6d4 Task timed out after 1.03 seconds\"}",
  "timestamp": 100
}
{
  "sandboxLog": "\\n{\"errorMessage\":\"2025-04-04T04:58:17.311Z 7425c2a2-772a-42a8-8f25-05b9f6f5948e Task timed out after 1.04 seconds\"}",
  "lambdaLog": "\\n{\"errorMessage\":\"2025-04-04T04:58:17.311Z 7425c2a2-772a-42a8-8f25-05b9f6f5948e Task timed out after 1.04 seconds\"}",
  "timestamp": 200
}
{
  "sandboxLog": "[ERROR] Runtime.ImportModuleError: Unable to import module 'app': No module named 'logger'\\n{\"errorMessage\":\"2025-04-04T04:58:19.331Z 83cccd36-0e48-42eb-a426-435bd23906f5 Task timed out after 1.22 seconds\"}",
  "lambdaLog": "[ERROR] Runtime.ImportModuleError: Unable to import module 'app': No module named 'logger'\\n{\"errorMessage\":\"2025-04-04T04:58:19.331Z 83cccd36-0e48-42eb-a426-435bd23906f5 Task timed out after 1.22 seconds\"}",
  "timestamp": 300
}
{
  "sandboxLog": "\\n{\"errorMessage\":\"2025-04-04T04:58:20.491Z e6814952-6438-4354-b5bf-2eff97d7de8d Task timed out after 1.12 seconds\"}",
  "lambdaLog": "\\n{\"errorMessage\":\"2025-04-04T04:58:20.491Z e6814952-6438-4354-b5bf-2eff97d7de8d Task timed out after 1.12 seconds\"}",
  "timestamp": 400
}
{
  "sandboxLog": "\\n{\"errorMessage\":\"2025-04-04T04:58:21.612Z 9e9c4f8f-8239-4144-bb9d-2688002e47f7 Task timed out after 1.08 seconds\"}",
  "lambdaLog": "\\n{\"errorMessage\":\"2025-04-04T04:58:21.612Z 9e9c4f8f-8239-4144-bb9d-2688002e47f7 Task timed out after 1.08 seconds\"}",
  "timestamp": 500
}
{
  "sandboxLog": "\\n{\"errorMessage\":\"2025-04-04T04:58:22.691Z 4f973544-58ee-420f-9cf7-b4a6b1c5e243 Task timed out after 1.02 seconds\"}",
  "lambdaLog": "\\n{\"errorMessage\":\"2025-04-04T04:58:22.691Z 4f973544-58ee-420f-9cf7-b4a6b1c5e243 Task timed out after 1.02 seconds\"}",
  "timestamp": 600
}
{
  "sandboxLog": "[ERROR] Runtime.ImportModuleError: Unable to import module 'app': No module named 'logger'\\n{\"errorMessage\":\"2025-04-04T04:58:24.752Z b2159036-db77-4bbd-b063-b59f8f299b78 Task timed out after 1.25 seconds\"}",
  "lambdaLog": "[ERROR] Runtime.ImportModuleError: Unable to import module 'app': No module named 'logger'\\n{\"errorMessage\":\"2025-04-04T04:58:24.752Z b2159036-db77-4bbd-b063-b59f8f299b78 Task timed out after 1.25 seconds\"}",
  "timestamp": 700
}
{
  "sandboxLog": "\\n{\"errorMessage\":\"2025-04-04T04:58:25.851Z 7357ff48-cfbe-4e5e-ac5e-4509d8da5560 Task timed out after 1.04 seconds\"}",
  "lambdaLog": "\\n{\"errorMessage\":\"2025-04-04T04:58:25.851Z 7357ff48-cfbe-4e5e-ac5e-4509d8da5560 Task timed out after 1.04 seconds\"}",
  "timestamp": 800
}
{
  "sandboxLog": "\\n{\"errorMessage\":\"2025-04-04T04:58:26.931Z 62d8ff18-5592-461b-addd-626459e1ba83 Task timed out after 1.04 seconds\"}",
  "lambdaLog": "\\n{\"errorMessage\":\"2025-04-04T04:58:26.931Z 62d8ff18-5592-461b-addd-626459e1ba83 Task timed out after 1.04 seconds\"}",
  "timestamp": 900
}
{
  "sandboxLog": "\\n{\"errorMessage\":\"2025-04-04T04:58:28.091Z 2ffca873-bd64-4a15-9234-a8b264c11687 Task timed out after 1.14 seconds\"}",
  "lambdaLog": "\\n{\"errorMessage\":\"2025-04-04T04:58:28.091Z 2ffca873-bd64-4a15-9234-a8b264c11687 Task timed out after 1.14 seconds\"}",
  "timestamp": 1000
}
{
  "sandboxLog": "\\n{\"errorMessage\":\"2025-04-04T04:58:29.151Z 4724f1f5-b21b-41b5-a57b-0312b6803b58 Task timed out after 1.02 seconds\"}",
  "lambdaLog": "\\n{\"errorMessage\":\"2025-04-04T04:58:29.151Z 4724f1f5-b21b-41b5-a57b-0312b6803b58 Task timed out after 1.02 seconds\"}",
  "timestamp": 1100
}
{
  "sandboxLog": "\\n{\"errorMessage\":\"2025-04-04T04:58:30.251Z 415dadae-8719-4724-82cc-3ae9cf8b8bf3 Task timed out after 1.04 seconds\"}",
  "lambdaLog": "\\n{\"errorMessage\":\"2025-04-04T04:58:30.251Z 415dadae-8719-4724-82cc-3ae9cf8b8bf3 Task timed out after 1.04 seconds\"}",
  "timestamp": 1200
}
{
  "sandboxLog": "\\n{\"errorMessage\":\"2025-04-04T04:58:31.451Z f2aaba9d-6c9f-4a0e-b8c2-611e58ad850e Task timed out after 1.16 seconds\"}",
  "lambdaLog": "\\n{\"errorMessage\":\"2025-04-04T04:58:31.451Z f2aaba9d-6c9f-4a0e-b8c2-611e58ad850e Task timed out after 1.16 seconds\"}",
  "timestamp": 1300
}
{
  "sandboxLog": "\\n{\"errorMessage\":\"2025-04-04T04:58:32.530Z d2ee7b7f-9e30-4f24-a467-2259a949cfcb Task timed out after 1.04 seconds\"}",
  "lambdaLog": "\\n{\"errorMessage\":\"2025-04-04T04:58:32.530Z d2ee7b7f-9e30-4f24-a467-2259a949cfcb Task timed out after 1.04 seconds\"}",
  "timestamp": 1400
}
{
  "sandboxLog": "[ERROR] Runtime.ImportModuleError: Unable to import module 'app': No module named 'logger'\\n{\"errorMessage\":\"2025-04-04T04:58:34.432Z 43b4da6f-e8c3-49a7-a601-7b13dcd0c19e Task timed out after 1.04 seconds\"}",
  "lambdaLog": "[ERROR] Runtime.ImportModuleError: Unable to import module 'app': No module named 'logger'\\n{\"errorMessage\":\"2025-04-04T04:58:34.432Z 43b4da6f-e8c3-49a7-a601-7b13dcd0c19e Task timed out after 1.04 seconds\"}",
  "timestamp": 1500
}
{
  "sandboxLog": "\\n{\"errorMessage\":\"2025-04-04T04:58:35.492Z b3ce8d24-f731-406a-a01a-5411c91df30b Task timed out after 1.02 seconds\"}",
  "lambdaLog": "\\n{\"errorMessage\":\"2025-04-04T04:58:35.492Z b3ce8d24-f731-406a-a01a-5411c91df30b Task timed out after 1.02 seconds\"}",
  "timestamp": 1600
}
{
  "sandboxLog": "\\n{\"errorMessage\":\"2025-04-04T04:58:36.551Z b7be97b7-40a7-4b69-8bcb-b9d980fe5281 Task timed out after 1.02 seconds\"}",
  "lambdaLog": "\\n{\"errorMessage\":\"2025-04-04T04:58:36.551Z b7be97b7-40a7-4b69-8bcb-b9d980fe5281 Task timed out after 1.02 seconds\"}",
  "timestamp": 1700
}
{
  "sandboxLog": "\\n{\"errorMessage\":\"2025-04-04T04:58:37.612Z a5105dc3-94f9-4ff5-aeea-7ef31b77b642 Task timed out after 1.02 seconds\"}",
  "lambdaLog": "\\n{\"errorMessage\":\"2025-04-04T04:58:37.612Z a5105dc3-94f9-4ff5-aeea-7ef31b77b642 Task timed out after 1.02 seconds\"}",
  "timestamp": 1800
}
{
  "sandboxLog": "\\n{\"errorMessage\":\"2025-04-04T04:58:38.732Z aa4e8095-cde0-40f1-b699-37cfafc7a852 Task timed out after 1.08 seconds\"}",
  "lambdaLog": "\\n{\"errorMessage\":\"2025-04-04T04:58:38.732Z aa4e8095-cde0-40f1-b699-37cfafc7a852 Task timed out after 1.08 seconds\"}",
  "timestamp": 1900
}
{
  "sandboxLog": "\\n{\"errorMessage\":\"2025-04-04T04:58:39.831Z a2159d0d-ddc4-4778-bbb7-dcf0f4fcd123 Task timed out after 1.06 seconds\"}",
  "lambdaLog": "\\n{\"errorMessage\":\"2025-04-04T04:58:39.831Z a2159d0d-ddc4-4778-bbb7-dcf0f4fcd123 Task timed out after 1.06 seconds\"}",
  "timestamp": 2000
}
{
  "sandboxLog": "\\n{\"errorMessage\":\"2025-04-04T04:58:40.872Z ca888ced-92fc-4e3b-9466-3b4d37cf11cb Task timed out after 1.00 seconds\"}",
  "lambdaLog": "\\n{\"errorMessage\":\"2025-04-04T04:58:40.872Z ca888ced-92fc-4e3b-9466-3b4d37cf11cb Task timed out after 1.00 seconds\"}",
  "timestamp": 2100
}
{
  "sandboxLog": "\\n{\"errorMessage\":\"2025-04-04T04:58:41.972Z ddec7977-a776-46b0-8224-1a2abb497d05 Task timed out after 1.04 seconds\"}",
  "lambdaLog": "\\n{\"errorMessage\":\"2025-04-04T04:58:41.972Z ddec7977-a776-46b0-8224-1a2abb497d05 Task timed out after 1.04 seconds\"}",
  "timestamp": 2200
}
{
  "sandboxLog": "\\n{\"errorMessage\":\"2025-04-04T04:58:43.032Z 14e063c1-77ac-4de8-9cb7-d1110021fc5f Task timed out after 1.02 seconds\"}",
  "lambdaLog": "\\n{\"errorMessage\":\"2025-04-04T04:58:43.032Z 14e063c1-77ac-4de8-9cb7-d1110021fc5f Task timed out after 1.02 seconds\"}",
  "timestamp": 2300
}
{
  "sandboxLog": "\\n{\"errorMessage\":\"2025-04-04T04:58:44.132Z cac48549-dc3d-43dc-9553-067b2466367d Task timed out after 1.04 seconds\"}",
  "lambdaLog": "\\n{\"errorMessage\":\"2025-04-04T04:58:44.132Z cac48549-dc3d-43dc-9553-067b2466367d Task timed out after 1.04 seconds\"}",
  "timestamp": 2400
}
{
  "sandboxLog": "\\n{\"errorMessage\":\"2025-04-04T04:58:45.252Z ead1637a-6d0c-40af-8827-dd60172b96ac Task timed out after 1.08 seconds\"}",
  "lambdaLog": "\\n{\"errorMessage\":\"2025-04-04T04:58:45.252Z ead1637a-6d0c-40af-8827-dd60172b96ac Task timed out after 1.08 seconds\"}",
  "timestamp": 2500
}
{
  "sandboxLog": "\\n{\"errorMessage\":\"2025-04-04T04:58:46.332Z 5a960b30-006a-46c1-9ff4-03a8cdb408b7 Task timed out after 1.02 seconds\"}",
  "lambdaLog": "\\n{\"errorMessage\":\"2025-04-04T04:58:46.332Z 5a960b30-006a-46c1-9ff4-03a8cdb408b7 Task timed out after 1.02 seconds\"}",
  "timestamp": 2600
}
{
  "sandboxLog": "\\n{\"errorMessage\":\"2025-04-04T04:58:47.431Z 1c554ac7-1325-4817-826d-9d8ae7f239e8 Task timed out after 1.06 seconds\"}",
  "lambdaLog": "\\n{\"errorMessage\":\"2025-04-04T04:58:47.431Z 1c554ac7-1325-4817-826d-9d8ae7f239e8 Task timed out after 1.06 seconds\"}",
  "timestamp": 2700
}
{
  "sandboxLog": "\\n{\"errorMessage\":\"2025-04-04T04:58:48.492Z 35787ce6-8eef-4397-8a41-12dbe63d989e Task timed out after 1.02 seconds\"}",
  "lambdaLog": "\\n{\"errorMessage\":\"2025-04-04T04:58:48.492Z 35787ce6-8eef-4397-8a41-12dbe63d989e Task timed out after 1.02 seconds\"}",
  "timestamp": 2800
}
{
  "sandboxLog": "\\n{\"errorMessage\":\"2025-04-04T04:58:49.672Z 69277268-011a-4432-90c4-ed003414b525 Task timed out after 1.12 seconds\"}",
  "lambdaLog": "\\n{\"errorMessage\":\"2025-04-04T04:58:49.672Z 69277268-011a-4432-90c4-ed003414b525 Task timed out after 1.12 seconds\"}",
  "timestamp": 2900
}
{
  "sandboxLog": "[ERROR] Runtime.ImportModuleError: Unable to import module 'app': No module named 'logger'\\n{\"errorMessage\":\"2025-04-04T04:58:51.571Z 5c4f74e9-2b6b-4998-a6e6-2496cbc273f5 Task timed out after 1.07 seconds\"}",
  "lambdaLog": "[ERROR] Runtime.ImportModuleError: Unable to import module 'app': No module named 'logger'\\n{\"errorMessage\":\"2025-04-04T04:58:51.571Z 5c4f74e9-2b6b-4998-a6e6-2496cbc273f5 Task timed out after 1.07 seconds\"}",
  "timestamp": 3000
}
{
  "sandboxLog": "\\n{\"errorMessage\":\"2025-04-04T04:58:52.671Z 2ee8d843-f500-4e79-b5c7-342e499d38e0 Task timed out after 1.06 seconds\"}",
  "lambdaLog": "\\n{\"errorMessage\":\"2025-04-04T04:58:52.671Z 2ee8d843-f500-4e79-b5c7-342e499d38e0 Task timed out after 1.06 seconds\"}",
  "timestamp": 3100
}
{
  "sandboxLog": "\\n{\"errorMessage\":\"2025-04-04T04:58:53.791Z 4869210d-b11b-428f-8144-e49efff245ca Task timed out after 1.08 seconds\"}",
  "lambdaLog": "\\n{\"errorMessage\":\"2025-04-04T04:58:53.791Z 4869210d-b11b-428f-8144-e49efff245ca Task timed out after 1.08 seconds\"}",
  "timestamp": 3200
}
{
  "sandboxLog": "\\n{\"errorMessage\":\"2025-04-04T04:58:54.911Z c8cd03a9-2fcf-4293-95f2-ffc25e4e6123 Task timed out after 1.10 seconds\"}",
  "lambdaLog": "\\n{\"errorMessage\":\"2025-04-04T04:58:54.911Z c8cd03a9-2fcf-4293-95f2-ffc25e4e6123 Task timed out after 1.10 seconds\"}",
  "timestamp": 3300
}
{
  "sandboxLog": "\\n{\"errorMessage\":\"2025-04-04T04:58:56.012Z d427a09c-12a5-49ff-ada4-19daf1ae171e Task timed out after 1.05 seconds\"}",
  "lambdaLog": "\\n{\"errorMessage\":\"2025-04-04T04:58:56.012Z d427a09c-12a5-49ff-ada4-19daf1ae171e Task timed out after 1.05 seconds\"}",
  "timestamp": 3400
}
{
  "sandboxLog": "\\n{\"errorMessage\":\"2025-04-04T04:58:57.091Z 1e02b61c-daf7-4e8b-a998-57d3dc7896a9 Task timed out after 1.04 seconds\"}",
  "lambdaLog": "\\n{\"errorMessage\":\"2025-04-04T04:58:57.091Z 1e02b61c-daf7-4e8b-a998-57d3dc7896a9 Task timed out after 1.04 seconds\"}",
  "timestamp": 3500
}
{
  "sandboxLog": "\\n{\"errorMessage\":\"2025-04-04T04:58:58.152Z cbcadd31-27b1-45f0-a5a0-84c3bc62a21a Task timed out after 1.02 seconds\"}",
  "lambdaLog": "\\n{\"errorMessage\":\"2025-04-04T04:58:58.152Z cbcadd31-27b1-45f0-a5a0-84c3bc62a21a Task timed out after 1.02 seconds\"}",
  "timestamp": 3600
}
{
  "sandboxLog": "\\n{\"errorMessage\":\"2025-04-04T04:58:59.212Z 8671d731-8227-4479-89a4-51cdd7590da5 Task timed out after 1.02 seconds\"}",
  "lambdaLog": "\\n{\"errorMessage\":\"2025-04-04T04:58:59.212Z 8671d731-8227-4479-89a4-51cdd7590da5 Task timed out after 1.02 seconds\"}",
  "timestamp": 3700
}
{
  "sandboxLog": "\\n{\"errorMessage\":\"2025-04-04T04:59:00.391Z 020caba5-5c4a-4011-88f0-0416da896d97 Task timed out after 1.12 seconds\"}",
  "lambdaLog": "\\n{\"errorMessage\":\"2025-04-04T04:59:00.391Z 020caba5-5c4a-4011-88f0-0416da896d97 Task timed out after 1.12 seconds\"}",
  "timestamp": 3800
}
{
  "sandboxLog": "\\n{\"errorMessage\":\"2025-04-04T04:59:01.451Z 3333cbb6-76c1-472a-a787-b65691f71b98 Task timed out after 1.04 seconds\"}",
  "lambdaLog": "\\n{\"errorMessage\":\"2025-04-04T04:59:01.451Z 3333cbb6-76c1-472a-a787-b65691f71b98 Task timed out after 1.04 seconds\"}",
  "timestamp": 3900
}
{
  "sandboxLog": "\\n{\"errorMessage\":\"2025-04-04T04:59:02.571Z ea495d3b-30d2-4886-bb11-6bd135075662 Task timed out after 1.08 seconds\"}",
  "lambdaLog": "\\n{\"errorMessage\":\"2025-04-04T04:59:02.571Z ea495d3b-30d2-4886-bb11-6bd135075662 Task timed out after 1.08 seconds\"}",
  "timestamp": 4000
}
{
  "sandboxLog": "\\n{\"errorMessage\":\"2025-04-04T04:59:03.632Z 4f9a2034-a296-4659-a0ce-c908ccf58684 Task timed out after 1.04 seconds\"}",
  "lambdaLog": "\\n{\"errorMessage\":\"2025-04-04T04:59:03.632Z 4f9a2034-a296-4659-a0ce-c908ccf58684 Task timed out after 1.04 seconds\"}",
  "timestamp": 4100
}
{
  "sandboxLog": "\\n{\"errorMessage\":\"2025-04-04T04:59:04.731Z fe257d34-0538-4497-b29e-c95b787dd514 Task timed out after 1.06 seconds\"}",
  "lambdaLog": "\\n{\"errorMessage\":\"2025-04-04T04:59:04.731Z fe257d34-0538-4497-b29e-c95b787dd514 Task timed out after 1.06 seconds\"}",
  "timestamp": 4200
}
{
  "sandboxLog": "\\n{\"errorMessage\":\"2025-04-04T04:59:05.891Z 730baee5-54d3-44b7-910f-89a937fd37d3 Task timed out after 1.14 seconds\"}",
  "lambdaLog": "\\n{\"errorMessage\":\"2025-04-04T04:59:05.891Z 730baee5-54d3-44b7-910f-89a937fd37d3 Task timed out after 1.14 seconds\"}",
  "timestamp": 4300
}
{
  "sandboxLog": "\\n{\"errorMessage\":\"2025-04-04T04:59:07.031Z b901ee59-d1ff-4fcf-98d1-325f3e5a9c1a Task timed out after 1.12 seconds\"}",
  "lambdaLog": "\\n{\"errorMessage\":\"2025-04-04T04:59:07.031Z b901ee59-d1ff-4fcf-98d1-325f3e5a9c1a Task timed out after 1.12 seconds\"}",
  "timestamp": 4400
}
{
  "sandboxLog": "\\n{\"errorMessage\":\"2025-04-04T04:59:08.191Z 41fc9884-e5fd-48be-b250-0dd1a9c76aa9 Task timed out after 1.11 seconds\"}",
  "lambdaLog": "\\n{\"errorMessage\":\"2025-04-04T04:59:08.191Z 41fc9884-e5fd-48be-b250-0dd1a9c76aa9 Task timed out after 1.11 seconds\"}",
  "timestamp": 4500
}
{
  "sandboxLog": "\\n{\"errorMessage\":\"2025-04-04T04:59:09.252Z 183dd2b7-6b8e-4726-bd92-6fc8b278e76c Task timed out after 1.02 seconds\"}",
  "lambdaLog": "\\n{\"errorMessage\":\"2025-04-04T04:59:09.252Z 183dd2b7-6b8e-4726-bd92-6fc8b278e76c Task timed out after 1.02 seconds\"}",
  "timestamp": 4600
}
{
  "sandboxLog": "\\n{\"errorMessage\":\"2025-04-04T04:59:10.352Z 6acfaea1-67fc-462e-8f0f-2c5518f5956d Task timed out after 1.06 seconds\"}",
  "lambdaLog": "\\n{\"errorMessage\":\"2025-04-04T04:59:10.352Z 6acfaea1-67fc-462e-8f0f-2c5518f5956d Task timed out after 1.06 seconds\"}",
  "timestamp": 4700
}
{
  "sandboxLog": "\\n{\"errorMessage\":\"2025-04-04T04:59:11.552Z 6777a6ac-2ff0-46e0-af95-021a2d614e76 Task timed out after 1.16 seconds\"}",
  "lambdaLog": "\\n{\"errorMessage\":\"2025-04-04T04:59:11.552Z 6777a6ac-2ff0-46e0-af95-021a2d614e76 Task timed out after 1.16 seconds\"}",
  "timestamp": 4800
}
{
  "sandboxLog": "\\n{\"errorMessage\":\"2025-04-04T04:59:12.612Z fb48f6dd-48b4-4494-8e13-25fcbf729d3f Task timed out after 1.02 seconds\"}",
  "lambdaLog": "\\n{\"errorMessage\":\"2025-04-04T04:59:12.612Z fb48f6dd-48b4-4494-8e13-25fcbf729d3f Task timed out after 1.02 seconds\"}",
  "timestamp": 4900
}
{
  "sandboxLog": "\\n{\"errorMessage\":\"2025-04-04T04:59:13.772Z 2eee00ef-99a4-4b15-bdba-8a1afde31120 Task timed out after 1.10 seconds\"}",
  "lambdaLog": "\\n{\"errorMessage\":\"2025-04-04T04:59:13.772Z 2eee00ef-99a4-4b15-bdba-8a1afde31120 Task timed out after 1.10 seconds\"}",
  "timestamp": 5000
}
{
  "sandboxLog": "\\n{\"errorMessage\":\"2025-04-04T04:59:14.911Z cdc17468-5b98-433c-b35b-4c8735bcde24 Task timed out after 1.08 seconds\"}",
  "lambdaLog": "\\n{\"errorMessage\":\"2025-04-04T04:59:14.911Z cdc17468-5b98-433c-b35b-4c8735bcde24 Task timed out after 1.08 seconds\"}",
  "timestamp": 5100
}
{
  "sandboxLog": "\\n{\"errorMessage\":\"2025-04-04T04:59:15.973Z b47dcfd4-898f-4b63-8203-79e364ba5de5 Task timed out after 1.02 seconds\"}",
  "lambdaLog": "\\n{\"errorMessage\":\"2025-04-04T04:59:15.973Z b47dcfd4-898f-4b63-8203-79e364ba5de5 Task timed out after 1.02 seconds\"}",
  "timestamp": 5200
}
{
  "sandboxLog": "\\n{\"errorMessage\":\"2025-04-04T04:59:17.131Z 7e848413-7953-41c0-933d-c7cc66add93b Task timed out after 1.10 seconds\"}",
  "lambdaLog": "\\n{\"errorMessage\":\"2025-04-04T04:59:17.131Z 7e848413-7953-41c0-933d-c7cc66add93b Task timed out after 1.10 seconds\"}",
  "timestamp": 5300
}
{
  "sandboxLog": "\\n{\"errorMessage\":\"2025-04-04T04:59:18.192Z d0f0a335-4ee7-4222-8183-d6e0b75f56b7 Task timed out after 1.02 seconds\"}",
  "lambdaLog": "\\n{\"errorMessage\":\"2025-04-04T04:59:18.192Z d0f0a335-4ee7-4222-8183-d6e0b75f56b7 Task timed out after 1.02 seconds\"}",
  "timestamp": 5400
}
{
  "sandboxLog": "\\n{\"errorMessage\":\"2025-04-04T04:59:19.272Z 4020c2d9-2d97-4c37-a1be-88139f6265ab Task timed out after 1.04 seconds\"}",
  "lambdaLog": "\\n{\"errorMessage\":\"2025-04-04T04:59:19.272Z 4020c2d9-2d97-4c37-a1be-88139f6265ab Task timed out after 1.04 seconds\"}",
  "timestamp": 5500
}
{
  "sandboxLog": "\\n{\"errorMessage\":\"2025-04-04T04:59:20.372Z a70f0187-8449-426e-9b7d-075c99b29911 Task timed out after 1.06 seconds\"}",
  "lambdaLog": "\\n{\"errorMessage\":\"2025-04-04T04:59:20.372Z a70f0187-8449-426e-9b7d-075c99b29911 Task timed out after 1.06 seconds\"}",
  "timestamp": 5600
}
{
  "sandboxLog": "\\n{\"errorMessage\":\"2025-04-04T04:59:21.452Z 47f601d7-dae0-4c08-8c5d-3e7db9b91038 Task timed out after 1.02 seconds\"}",
  "lambdaLog": "\\n{\"errorMessage\":\"2025-04-04T04:59:21.452Z 47f601d7-dae0-4c08-8c5d-3e7db9b91038 Task timed out after 1.02 seconds\"}",
  "timestamp": 5700
}
{
  "sandboxLog": "\\n{\"errorMessage\":\"2025-04-04T04:59:22.592Z 7d6894af-2f08-42e7-af6d-53b38efbe21e Task timed out after 1.08 seconds\"}",
  "lambdaLog": "\\n{\"errorMessage\":\"2025-04-04T04:59:22.592Z 7d6894af-2f08-42e7-af6d-53b38efbe21e Task timed out after 1.08 seconds\"}",
  "timestamp": 5800
}
{
  "sandboxLog": "[ERROR] Runtime.ImportModuleError: Unable to import module 'app': No module named 'logger'\\n{\"errorMessage\":\"2025-04-04T04:59:24.492Z 45b027ef-5628-40b9-b8bc-85556c4a2981 Task timed out after 1.06 seconds\"}",
  "lambdaLog": "[ERROR] Runtime.ImportModuleError: Unable to import module 'app': No module named 'logger'\\n{\"errorMessage\":\"2025-04-04T04:59:24.492Z 45b027ef-5628-40b9-b8bc-85556c4a2981 Task timed out after 1.06 seconds\"}",
  "timestamp": 5900
}
{
  "sandboxLog": "\\n{\"errorMessage\":\"2025-04-04T04:59:25.592Z 8453f7bc-7a10-499e-a7b2-d9f7602fedf8 Task timed out after 1.06 seconds\"}",
  "lambdaLog": "\\n{\"errorMessage\":\"2025-04-04T04:59:25.592Z 8453f7bc-7a10-499e-a7b2-d9f7602fedf8 Task timed out after 1.06 seconds\"}",
  "timestamp": 6000
}
{
  "sandboxLog": "\\n{\"errorMessage\":\"2025-04-04T04:59:26.652Z 10e0665e-fa6d-4b52-a175-d98cee205921 Task timed out after 1.02 seconds\"}",
  "lambdaLog": "\\n{\"errorMessage\":\"2025-04-04T04:59:26.652Z 10e0665e-fa6d-4b52-a175-d98cee205921 Task timed out after 1.02 seconds\"}",
  "timestamp": 6100
}
{
  "sandboxLog": "\\n{\"errorMessage\":\"2025-04-04T04:59:27.771Z 3bd83e09-d7a2-4985-b355-e740f0342b4f Task timed out after 1.06 seconds\"}",
  "lambdaLog": "\\n{\"errorMessage\":\"2025-04-04T04:59:27.771Z 3bd83e09-d7a2-4985-b355-e740f0342b4f Task timed out after 1.06 seconds\"}",
  "timestamp": 6200
}
{
  "sandboxLog": "\\n{\"errorMessage\":\"2025-04-04T04:59:28.911Z 88ad518b-cc3d-4a52-8d74-d1b8563e1af6 Task timed out after 1.10 seconds\"}",
  "lambdaLog": "\\n{\"errorMessage\":\"2025-04-04T04:59:28.911Z 88ad518b-cc3d-4a52-8d74-d1b8563e1af6 Task timed out after 1.10 seconds\"}",
  "timestamp": 6300
}
{
  "sandboxLog": "\\n{\"errorMessage\":\"2025-04-04T04:59:30.032Z 65ef2932-8a6e-4f8e-8408-88ca98e687e8 Task timed out after 1.08 seconds\"}",
  "lambdaLog": "\\n{\"errorMessage\":\"2025-04-04T04:59:30.032Z 65ef2932-8a6e-4f8e-8408-88ca98e687e8 Task timed out after 1.08 seconds\"}",
  "timestamp": 6400
}
{
  "sandboxLog": "\\n{\"errorMessage\":\"2025-04-04T04:59:31.151Z eaf90cc9-0497-4e73-90d4-7118a9c52869 Task timed out after 1.06 seconds\"}",
  "lambdaLog": "\\n{\"errorMessage\":\"2025-04-04T04:59:31.151Z eaf90cc9-0497-4e73-90d4-7118a9c52869 Task timed out after 1.06 seconds\"}",
  "timestamp": 6500
}
{
  "sandboxLog": "\\n{\"errorMessage\":\"2025-04-04T04:59:32.212Z e9244a9d-0493-480b-8c7f-f5fc4ceac380 Task timed out after 1.04 seconds\"}",
  "lambdaLog": "\\n{\"errorMessage\":\"2025-04-04T04:59:32.212Z e9244a9d-0493-480b-8c7f-f5fc4ceac380 Task timed out after 1.04 seconds\"}",
  "timestamp": 6600
}
{
  "sandboxLog": "\\n{\"errorMessage\":\"2025-04-04T04:59:33.272Z d234b806-f7fe-46f3-9298-fd41f7d80e10 Task timed out after 1.02 seconds\"}",
  "lambdaLog": "\\n{\"errorMessage\":\"2025-04-04T04:59:33.272Z d234b806-f7fe-46f3-9298-fd41f7d80e10 Task timed out after 1.02 seconds\"}",
  "timestamp": 6700
}
{
  "sandboxLog": "\\n{\"errorMessage\":\"2025-04-04T04:59:34.452Z 05eed349-e939-4a78-a87d-5f05cc4ec0d6 Task timed out after 1.12 seconds\"}",
  "lambdaLog": "\\n{\"errorMessage\":\"2025-04-04T04:59:34.452Z 05eed349-e939-4a78-a87d-5f05cc4ec0d6 Task timed out after 1.12 seconds\"}",
  "timestamp": 6800
}
{
  "sandboxLog": "\\n{\"errorMessage\":\"2025-04-04T04:59:35.532Z 21f1af9c-8ae8-4fe1-9730-08af3e953f3f Task timed out after 1.04 seconds\"}",
  "lambdaLog": "\\n{\"errorMessage\":\"2025-04-04T04:59:35.532Z 21f1af9c-8ae8-4fe1-9730-08af3e953f3f Task timed out after 1.04 seconds\"}",
  "timestamp": 6900
}
{
  "sandboxLog": "\\n{\"errorMessage\":\"2025-04-04T04:59:36.632Z 276b8bb3-b6c4-478e-98c1-4553bd2d132d Task timed out after 1.04 seconds\"}",
  "lambdaLog": "\\n{\"errorMessage\":\"2025-04-04T04:59:36.632Z 276b8bb3-b6c4-478e-98c1-4553bd2d132d Task timed out after 1.04 seconds\"}",
  "timestamp": 7000
}
{
  "sandboxLog": "\\n{\"errorMessage\":\"2025-04-04T04:59:37.691Z 78ede7fa-90d9-4bc0-9681-3e7582e8c52f Task timed out after 1.02 seconds\"}",
  "lambdaLog": "\\n{\"errorMessage\":\"2025-04-04T04:59:37.691Z 78ede7fa-90d9-4bc0-9681-3e7582e8c52f Task timed out after 1.02 seconds\"}",
  "timestamp": 7100
}
{
  "sandboxLog": "\\n{\"errorMessage\":\"2025-04-04T04:59:38.811Z 124018c5-5e30-4bf1-8a67-f8b6239dde5a Task timed out after 1.08 seconds\"}",
  "lambdaLog": "\\n{\"errorMessage\":\"2025-04-04T04:59:38.811Z 124018c5-5e30-4bf1-8a67-f8b6239dde5a Task timed out after 1.08 seconds\"}",
  "timestamp": 7200
}
{
  "sandboxLog": "\\n{\"errorMessage\":\"2025-04-04T04:59:39.932Z a79e94a2-7c28-4efb-9ee4-634aa5fa2d71 Task timed out after 1.08 seconds\"}",
  "lambdaLog": "\\n{\"errorMessage\":\"2025-04-04T04:59:39.932Z a79e94a2-7c28-4efb-9ee4-634aa5fa2d71 Task timed out after 1.08 seconds\"}",
  "timestamp": 7300
}
{
  "sandboxLog": "\\n{\"errorMessage\":\"2025-04-04T04:59:41.092Z b1407484-1442-4081-87ab-1d3acd7956eb Task timed out after 1.12 seconds\"}",
  "lambdaLog": "\\n{\"errorMessage\":\"2025-04-04T04:59:41.092Z b1407484-1442-4081-87ab-1d3acd7956eb Task timed out after 1.12 seconds\"}",
  "timestamp": 7400
}
{
  "sandboxLog": "\\n{\"errorMessage\":\"2025-04-04T04:59:42.252Z d28c1bd7-9cfc-4d23-bf5a-7b12e74c2430 Task timed out after 1.10 seconds\"}",
  "lambdaLog": "\\n{\"errorMessage\":\"2025-04-04T04:59:42.252Z d28c1bd7-9cfc-4d23-bf5a-7b12e74c2430 Task timed out after 1.10 seconds\"}",
  "timestamp": 7500
}
{
  "sandboxLog": "\\n{\"errorMessage\":\"2025-04-04T04:59:43.332Z b9354874-5cfa-4797-9420-06e0589ac6db Task timed out after 1.02 seconds\"}",
  "lambdaLog": "\\n{\"errorMessage\":\"2025-04-04T04:59:43.332Z b9354874-5cfa-4797-9420-06e0589ac6db Task timed out after 1.02 seconds\"}",
  "timestamp": 7600
}
{
  "sandboxLog": "\\n{\"errorMessage\":\"2025-04-04T04:59:44.472Z 4ed183f9-1b95-427c-bbb9-cc140d4cfc58 Task timed out after 1.10 seconds\"}",
  "lambdaLog": "\\n{\"errorMessage\":\"2025-04-04T04:59:44.472Z 4ed183f9-1b95-427c-bbb9-cc140d4cfc58 Task timed out after 1.10 seconds\"}",
  "timestamp": 7700
}
{
  "sandboxLog": "\\n{\"errorMessage\":\"2025-04-04T04:59:45.551Z 8fe929eb-599c-41bf-a14e-2d6883af034f Task timed out after 1.04 seconds\"}",
  "lambdaLog": "\\n{\"errorMessage\":\"2025-04-04T04:59:45.551Z 8fe929eb-599c-41bf-a14e-2d6883af034f Task timed out after 1.04 seconds\"}",
  "timestamp": 7800
}
{
  "sandboxLog": "\\n{\"errorMessage\":\"2025-04-04T04:59:46.612Z c8244745-862c-4ebd-8ad4-dc1b89d631bc Task timed out after 1.02 seconds\"}",
  "lambdaLog": "\\n{\"errorMessage\":\"2025-04-04T04:59:46.612Z c8244745-862c-4ebd-8ad4-dc1b89d631bc Task timed out after 1.02 seconds\"}",
  "timestamp": 7900
}
{
  "sandboxLog": "\\n{\"errorMessage\":\"2025-04-04T04:59:47.771Z f0cbc473-a744-4488-b009-bbf642200e55 Task timed out after 1.10 seconds\"}",
  "lambdaLog": "\\n{\"errorMessage\":\"2025-04-04T04:59:47.771Z f0cbc473-a744-4488-b009-bbf642200e55 Task timed out after 1.10 seconds\"}",
  "timestamp": 8000
}
{
  "sandboxLog": "\\n{\"errorMessage\":\"2025-04-04T04:59:48.932Z dde7c4a3-bc1e-43be-9e68-21ffc17b9dbd Task timed out after 1.12 seconds\"}",
  "lambdaLog": "\\n{\"errorMessage\":\"2025-04-04T04:59:48.932Z dde7c4a3-bc1e-43be-9e68-21ffc17b9dbd Task timed out after 1.12 seconds\"}",
  "timestamp": 8100
}
{
  "sandboxLog": "\\n{\"errorMessage\":\"2025-04-04T04:59:50.051Z fa71cb21-d1d3-412d-a0a3-b3dd1604781b Task timed out after 1.06 seconds\"}",
  "lambdaLog": "\\n{\"errorMessage\":\"2025-04-04T04:59:50.051Z fa71cb21-d1d3-412d-a0a3-b3dd1604781b Task timed out after 1.06 seconds\"}",
  "timestamp": 8200
}
{
  "sandboxLog": "\\n{\"errorMessage\":\"2025-04-04T04:59:51.112Z f5bc3b77-a772-4422-9b6c-9789f9ef9435 Task timed out after 1.04 seconds\"}",
  "lambdaLog": "\\n{\"errorMessage\":\"2025-04-04T04:59:51.112Z f5bc3b77-a772-4422-9b6c-9789f9ef9435 Task timed out after 1.04 seconds\"}",
  "timestamp": 8300
}
{
  "sandboxLog": "\\n{\"errorMessage\":\"2025-04-04T04:59:52.152Z d81a2288-e6ba-4046-8877-a0eb3b2b420a Task timed out after 1.00 seconds\"}",
  "lambdaLog": "\\n{\"errorMessage\":\"2025-04-04T04:59:52.152Z d81a2288-e6ba-4046-8877-a0eb3b2b420a Task timed out after 1.00 seconds\"}",
  "timestamp": 8400
}
{
  "sandboxLog": "\\n{\"errorMessage\":\"2025-04-04T04:59:53.291Z 185bb5a9-59e9-44d9-a45e-5622c69d6954 Task timed out after 1.08 seconds\"}",
  "lambdaLog": "\\n{\"errorMessage\":\"2025-04-04T04:59:53.291Z 185bb5a9-59e9-44d9-a45e-5622c69d6954 Task timed out after 1.08 seconds\"}",
  "timestamp": 8500
}
{
  "sandboxLog": "\\n{\"errorMessage\":\"2025-04-04T04:59:54.372Z 41a9b466-9fb4-437f-9092-656c769559bb Task timed out after 1.06 seconds\"}",
  "lambdaLog": "\\n{\"errorMessage\":\"2025-04-04T04:59:54.372Z 41a9b466-9fb4-437f-9092-656c769559bb Task timed out after 1.06 seconds\"}",
  "timestamp": 8600
}
{
  "sandboxLog": "\\n{\"errorMessage\":\"2025-04-04T04:59:55.491Z 7479e2ce-51ba-44d3-87ec-d652ce4a13d0 Task timed out after 1.06 seconds\"}",
  "lambdaLog": "\\n{\"errorMessage\":\"2025-04-04T04:59:55.491Z 7479e2ce-51ba-44d3-87ec-d652ce4a13d0 Task timed out after 1.06 seconds\"}",
  "timestamp": 8700
}
{
  "sandboxLog": "\\n{\"errorMessage\":\"2025-04-04T04:59:56.572Z f0c51a99-6535-49a2-9714-8f6f40ea9d12 Task timed out after 1.04 seconds\"}",
  "lambdaLog": "\\n{\"errorMessage\":\"2025-04-04T04:59:56.572Z f0c51a99-6535-49a2-9714-8f6f40ea9d12 Task timed out after 1.04 seconds\"}",
  "timestamp": 8800
}
{
  "sandboxLog": "\\n{\"errorMessage\":\"2025-04-04T04:59:57.712Z a143392f-66a2-43cb-9596-e02b4f580aaf Task timed out after 1.10 seconds\"}",
  "lambdaLog": "\\n{\"errorMessage\":\"2025-04-04T04:59:57.712Z a143392f-66a2-43cb-9596-e02b4f580aaf Task timed out after 1.10 seconds\"}",
  "timestamp": 8900
}
{
  "sandboxLog": "\\n{\"errorMessage\":\"2025-04-04T04:59:58.831Z fe7d75f0-998d-478b-96d6-778050f93f67 Task timed out after 1.06 seconds\"}",
  "lambdaLog": "\\n{\"errorMessage\":\"2025-04-04T04:59:58.831Z fe7d75f0-998d-478b-96d6-778050f93f67 Task timed out after 1.06 seconds\"}",
  "timestamp": 9000
}
{
  "sandboxLog": "\\n{\"errorMessage\":\"2025-04-04T04:59:59.931Z 6901c85b-50a5-4db8-a1dc-fc9d281c6fd2 Task timed out after 1.08 seconds\"}",
  "lambdaLog": "\\n{\"errorMessage\":\"2025-04-04T04:59:59.931Z 6901c85b-50a5-4db8-a1dc-fc9d281c6fd2 Task timed out after 1.08 seconds\"}",
  "timestamp": 9100
}
{
  "sandboxLog": "\\n{\"errorMessage\":\"2025-04-04T05:00:00.992Z c9650593-c327-4773-a240-19880e6e374f Task timed out after 1.02 seconds\"}",
  "lambdaLog": "\\n{\"errorMessage\":\"2025-04-04T05:00:00.992Z c9650593-c327-4773-a240-19880e6e374f Task timed out after 1.02 seconds\"}",
  "timestamp": 9200
}
{
  "sandboxLog": "\\n{\"errorMessage\":\"2025-04-04T05:00:02.211Z 92d99513-d566-48e0-a22f-93d01e9a925d Task timed out after 1.15 seconds\"}",
  "lambdaLog": "\\n{\"errorMessage\":\"2025-04-04T05:00:02.211Z 92d99513-d566-48e0-a22f-93d01e9a925d Task timed out after 1.15 seconds\"}",
  "timestamp": 9300
}
{
  "sandboxLog": "\\n{\"errorMessage\":\"2025-04-04T05:00:03.312Z 8e754041-51b5-4704-93f5-49133a550f5b Task timed out after 1.06 seconds\"}",
  "lambdaLog": "\\n{\"errorMessage\":\"2025-04-04T05:00:03.312Z 8e754041-51b5-4704-93f5-49133a550f5b Task timed out after 1.06 seconds\"}",
  "timestamp": 9400
}
{
  "sandboxLog": "\\n{\"errorMessage\":\"2025-04-04T05:00:04.452Z 7da754e8-07c9-4805-b02b-771e793ae7f3 Task timed out after 1.10 seconds\"}",
  "lambdaLog": "\\n{\"errorMessage\":\"2025-04-04T05:00:04.452Z 7da754e8-07c9-4805-b02b-771e793ae7f3 Task timed out after 1.10 seconds\"}",
  "timestamp": 9500
}
{
  "sandboxLog": "\\n{\"errorMessage\":\"2025-04-04T05:00:05.711Z 9b797b93-c992-48ac-b579-1f7abedb7277 Task timed out after 1.20 seconds\"}",
  "lambdaLog": "\\n{\"errorMessage\":\"2025-04-04T05:00:05.711Z 9b797b93-c992-48ac-b579-1f7abedb7277 Task timed out after 1.20 seconds\"}",
  "timestamp": 9600
}
{
  "sandboxLog": "\\n{\"errorMessage\":\"2025-04-04T05:00:06.792Z b37ecc2c-63bc-40dc-9326-828dc26ad582 Task timed out after 1.04 seconds\"}",
  "lambdaLog": "\\n{\"errorMessage\":\"2025-04-04T05:00:06.792Z b37ecc2c-63bc-40dc-9326-828dc26ad582 Task timed out after 1.04 seconds\"}",
  "timestamp": 9700
}
{
  "sandboxLog": "\\n{\"errorMessage\":\"2025-04-04T05:00:07.972Z d4967f1b-0191-48e4-84b7-ca19fd3ecf89 Task timed out after 1.12 seconds\"}",
  "lambdaLog": "\\n{\"errorMessage\":\"2025-04-04T05:00:07.972Z d4967f1b-0191-48e4-84b7-ca19fd3ecf89 Task timed out after 1.12 seconds\"}",
  "timestamp": 9800
}
{
  "sandboxLog": "\\n{\"errorMessage\":\"2025-04-04T05:00:09.071Z 0a0e9edd-f815-4632-8bb4-732a1e8861a7 Task timed out after 1.06 seconds\"}",
  "lambdaLog": "\\n{\"errorMessage\":\"2025-04-04T05:00:09.071Z 0a0e9edd-f815-4632-8bb4-732a1e8861a7 Task timed out after 1.06 seconds\"}",
  "timestamp": 9900
}
{
  "sandboxLog": "\\n{\"errorMessage\":\"2025-04-04T05:00:10.231Z aa3581d4-276f-4f53-92d5-b84aab51155d Task timed out after 1.12 seconds\"}",
  "lambdaLog": "\\n{\"errorMessage\":\"2025-04-04T05:00:10.231Z aa3581d4-276f-4f53-92d5-b84aab51155d Task timed out after 1.12 seconds\"}",
  "timestamp": 10000
}
{
  "sandboxLog": "\\n{\"errorMessage\":\"2025-04-04T05:00:11.533Z 2acc6a5e-639f-4e86-99c5-a8f0023d4021 Task timed out after 1.28 seconds\"}",
  "lambdaLog": "\\n{\"errorMessage\":\"2025-04-04T05:00:11.533Z 2acc6a5e-639f-4e86-99c5-a8f0023d4021 Task timed out after 1.28 seconds\"}",
  "timestamp": 10100
}
{
  "sandboxLog": "\\n{\"errorMessage\":\"2025-04-04T05:00:12.713Z 20f8e98f-6ef9-4c52-b4a6-6eba12f12a3e Task timed out after 1.12 seconds\"}",
  "lambdaLog": "\\n{\"errorMessage\":\"2025-04-04T05:00:12.713Z 20f8e98f-6ef9-4c52-b4a6-6eba12f12a3e Task timed out after 1.12 seconds\"}",
  "timestamp": 10200
}
{
  "sandboxLog": "\\n{\"errorMessage\":\"2025-04-04T05:00:13.812Z 427891b9-ba9b-4a0a-aebe-14b5004a51ba Task timed out after 1.07 seconds\"}",
  "lambdaLog": "\\n{\"errorMessage\":\"2025-04-04T05:00:13.812Z 427891b9-ba9b-4a0a-aebe-14b5004a51ba Task timed out after 1.07 seconds\"}",
  "timestamp": 10300
}
{
  "sandboxLog": "\\n{\"errorMessage\":\"2025-04-04T05:00:14.911Z 73c83204-002f-494b-861e-139252df4fd3 Task timed out after 1.06 seconds\"}",
  "lambdaLog": "\\n{\"errorMessage\":\"2025-04-04T05:00:14.911Z 73c83204-002f-494b-861e-139252df4fd3 Task timed out after 1.06 seconds\"}",
  "timestamp": 10400
}
{
  "sandboxLog": "\\n{\"errorMessage\":\"2025-04-04T05:00:16.051Z de4cd531-abb2-427d-b668-d798f936e40a Task timed out after 1.06 seconds\"}",
  "lambdaLog": "\\n{\"errorMessage\":\"2025-04-04T05:00:16.051Z de4cd531-abb2-427d-b668-d798f936e40a Task timed out after 1.06 seconds\"}",
  "timestamp": 10500
}
{
  "sandboxLog": "\\n{\"errorMessage\":\"2025-04-04T05:00:17.132Z 01e16ba3-8e69-44d6-9934-2611319dee96 Task timed out after 1.06 seconds\"}",
  "lambdaLog": "\\n{\"errorMessage\":\"2025-04-04T05:00:17.132Z 01e16ba3-8e69-44d6-9934-2611319dee96 Task timed out after 1.06 seconds\"}",
  "timestamp": 10600
}
{
  "sandboxLog": "\\n{\"errorMessage\":\"2025-04-04T05:00:18.271Z 9c681e65-a9fc-41f7-b0ef-7b8f9834da38 Task timed out after 1.10 seconds\"}",
  "lambdaLog": "\\n{\"errorMessage\":\"2025-04-04T05:00:18.271Z 9c681e65-a9fc-41f7-b0ef-7b8f9834da38 Task timed out after 1.10 seconds\"}",
  "timestamp": 10700
}
{
  "sandboxLog": "\\n{\"errorMessage\":\"2025-04-04T05:00:19.572Z 75aea9d5-968c-4206-9d66-0e4282309fc0 Task timed out after 1.26 seconds\"}",
  "lambdaLog": "\\n{\"errorMessage\":\"2025-04-04T05:00:19.572Z 75aea9d5-968c-4206-9d66-0e4282309fc0 Task timed out after 1.26 seconds\"}",
  "timestamp": 10800
}
{
  "sandboxLog": "\\n{\"errorMessage\":\"2025-04-04T05:00:20.891Z 9d6b2f1b-4b64-4f21-b6a3-3a351fd04f1c Task timed out after 1.26 seconds\"}",
  "lambdaLog": "\\n{\"errorMessage\":\"2025-04-04T05:00:20.891Z 9d6b2f1b-4b64-4f21-b6a3-3a351fd04f1c Task timed out after 1.26 seconds\"}",
  "timestamp": 10900
}
{
  "sandboxLog": "\\n{\"errorMessage\":\"2025-04-04T05:00:22.392Z 56bbcbaf-6586-4665-8fb2-98d72252f116 Task timed out after 1.46 seconds\"}",
  "lambdaLog": "\\n{\"errorMessage\":\"2025-04-04T05:00:22.392Z 56bbcbaf-6586-4665-8fb2-98d72252f116 Task timed out after 1.46 seconds\"}",
  "timestamp": 11000
}
{
  "sandboxLog": "\\n{\"errorMessage\":\"2025-04-04T05:00:23.492Z c3fde52a-dfb3-4a13-a64d-41ddadfda96a Task timed out after 1.04 seconds\"}",
  "lambdaLog": "\\n{\"errorMessage\":\"2025-04-04T05:00:23.492Z c3fde52a-dfb3-4a13-a64d-41ddadfda96a Task timed out after 1.04 seconds\"}",
  "timestamp": 11100
}
{
  "sandboxLog": "\\n{\"errorMessage\":\"2025-04-04T05:00:24.572Z 996a345e-f0f6-41cf-859a-754a8889518b Task timed out after 1.02 seconds\"}",
  "lambdaLog": "\\n{\"errorMessage\":\"2025-04-04T05:00:24.572Z 996a345e-f0f6-41cf-859a-754a8889518b Task timed out after 1.02 seconds\"}",
  "timestamp": 11200
}
{
  "sandboxLog": "\\n{\"errorMessage\":\"2025-04-04T05:00:25.711Z 4c396a90-f116-40cf-be43-6bd847980251 Task timed out after 1.08 seconds\"}",
  "lambdaLog": "\\n{\"errorMessage\":\"2025-04-04T05:00:25.711Z 4c396a90-f116-40cf-be43-6bd847980251 Task timed out after 1.08 seconds\"}",
  "timestamp": 11300
}
{
  "sandboxLog": "\\n{\"errorMessage\":\"2025-04-04T05:00:26.793Z a8ee06e7-04fb-45db-b852-25c38ff5a65b Task timed out after 1.03 seconds\"}",
  "lambdaLog": "\\n{\"errorMessage\":\"2025-04-04T05:00:26.793Z a8ee06e7-04fb-45db-b852-25c38ff5a65b Task timed out after 1.03 seconds\"}",
  "timestamp": 11400
}
{
  "sandboxLog": "\\n{\"errorMessage\":\"2025-04-04T05:00:27.911Z 5b9a809a-d7a9-4e85-b025-e1511d2c3754 Task timed out after 1.06 seconds\"}",
  "lambdaLog": "\\n{\"errorMessage\":\"2025-04-04T05:00:27.911Z 5b9a809a-d7a9-4e85-b025-e1511d2c3754 Task timed out after 1.06 seconds\"}",
  "timestamp": 11500
}
{
  "sandboxLog": "[ERROR] Runtime.ImportModuleError: Unable to import module 'app': No module named 'logger'\\n{\"errorMessage\":\"2025-04-04T05:00:29.792Z bb7a233f-849d-4f41-9865-4f7c04981c89 Task timed out after 1.03 seconds\"}",
  "lambdaLog": "[ERROR] Runtime.ImportModuleError: Unable to import module 'app': No module named 'logger'\\n{\"errorMessage\":\"2025-04-04T05:00:29.792Z bb7a233f-849d-4f41-9865-4f7c04981c89 Task timed out after 1.03 seconds\"}",
  "timestamp": 11600
}
{
  "sandboxLog": "\\n{\"errorMessage\":\"2025-04-04T05:00:30.912Z 8e80e9d7-6df0-4887-8414-59520eb63b99 Task timed out after 1.08 seconds\"}",
  "lambdaLog": "\\n{\"errorMessage\":\"2025-04-04T05:00:30.912Z 8e80e9d7-6df0-4887-8414-59520eb63b99 Task timed out after 1.08 seconds\"}",
  "timestamp": 11700
}
{
  "sandboxLog": "\\n{\"errorMessage\":\"2025-04-04T05:00:32.092Z c67c64e2-bc9a-4c91-9d34-dbbf9afd7b4e Task timed out after 1.10 seconds\"}",
  "lambdaLog": "\\n{\"errorMessage\":\"2025-04-04T05:00:32.092Z c67c64e2-bc9a-4c91-9d34-dbbf9afd7b4e Task timed out after 1.10 seconds\"}",
  "timestamp": 11800
}
{
  "sandboxLog": "\\n{\"errorMessage\":\"2025-04-04T05:00:33.192Z 55bf60d7-e3cf-4f0a-98cc-f377aa393291 Task timed out after 1.03 seconds\"}",
  "lambdaLog": "\\n{\"errorMessage\":\"2025-04-04T05:00:33.192Z 55bf60d7-e3cf-4f0a-98cc-f377aa393291 Task timed out after 1.03 seconds\"}",
  "timestamp": 11900
}
{
  "sandboxLog": "\\n{\"errorMessage\":\"2025-04-04T05:00:34.312Z d1cc28ff-0f48-4003-aa0e-d29bf12ebb96 Task timed out after 1.06 seconds\"}",
  "lambdaLog": "\\n{\"errorMessage\":\"2025-04-04T05:00:34.312Z d1cc28ff-0f48-4003-aa0e-d29bf12ebb96 Task timed out after 1.06 seconds\"}",
  "timestamp": 12000
}
{
  "sandboxLog": "\\n{\"errorMessage\":\"2025-04-04T05:00:35.471Z 1b8a9524-4222-4639-bab1-5ab3eac1235b Task timed out after 1.10 seconds\"}",
  "lambdaLog": "\\n{\"errorMessage\":\"2025-04-04T05:00:35.471Z 1b8a9524-4222-4639-bab1-5ab3eac1235b Task timed out after 1.10 seconds\"}",
  "timestamp": 12100
}
{
  "sandboxLog": "\\n{\"errorMessage\":\"2025-04-04T05:00:36.571Z b1f237ee-2980-48a4-94f4-32dbd3ec2c6b Task timed out after 1.06 seconds\"}",
  "lambdaLog": "\\n{\"errorMessage\":\"2025-04-04T05:00:36.571Z b1f237ee-2980-48a4-94f4-32dbd3ec2c6b Task timed out after 1.06 seconds\"}",
  "timestamp": 12200
}
{
  "sandboxLog": "\\n{\"errorMessage\":\"2025-04-04T05:00:37.651Z 912c1097-9eda-4407-8b90-3735ea80c52c Task timed out after 1.02 seconds\"}",
  "lambdaLog": "\\n{\"errorMessage\":\"2025-04-04T05:00:37.651Z 912c1097-9eda-4407-8b90-3735ea80c52c Task timed out after 1.02 seconds\"}",
  "timestamp": 12300
}
{
  "sandboxLog": "\\n{\"errorMessage\":\"2025-04-04T05:00:38.771Z e9ec889a-fe87-4c25-8f57-3c10f9f4809f Task timed out after 1.07 seconds\"}",
  "lambdaLog": "\\n{\"errorMessage\":\"2025-04-04T05:00:38.771Z e9ec889a-fe87-4c25-8f57-3c10f9f4809f Task timed out after 1.07 seconds\"}",
  "timestamp": 12400
}
{
  "sandboxLog": "\\n{\"errorMessage\":\"2025-04-04T05:00:39.871Z f4ca5cc8-2604-4dd9-8e81-ff7292a0e5ce Task timed out after 1.06 seconds\"}",
  "lambdaLog": "\\n{\"errorMessage\":\"2025-04-04T05:00:39.871Z f4ca5cc8-2604-4dd9-8e81-ff7292a0e5ce Task timed out after 1.06 seconds\"}",
  "timestamp": 12500
}
{
  "sandboxLog": "\\n{\"errorMessage\":\"2025-04-04T05:00:40.992Z 3cf252b6-0246-48e4-bc15-ebc916104d84 Task timed out after 1.07 seconds\"}",
  "lambdaLog": "\\n{\"errorMessage\":\"2025-04-04T05:00:40.992Z 3cf252b6-0246-48e4-bc15-ebc916104d84 Task timed out after 1.07 seconds\"}",
  "timestamp": 12600
}
{
  "sandboxLog": "\\n{\"errorMessage\":\"2025-04-04T05:00:42.092Z f99998c1-63f2-4f1f-8364-5823dfae3b34 Task timed out after 1.05 seconds\"}",
  "lambdaLog": "\\n{\"errorMessage\":\"2025-04-04T05:00:42.092Z f99998c1-63f2-4f1f-8364-5823dfae3b34 Task timed out after 1.05 seconds\"}",
  "timestamp": 12700
}
{
  "sandboxLog": "\\n{\"errorMessage\":\"2025-04-04T05:00:43.251Z 2bb874d2-9d7a-487b-b6de-9873d64ea13b Task timed out after 1.10 seconds\"}",
  "lambdaLog": "\\n{\"errorMessage\":\"2025-04-04T05:00:43.251Z 2bb874d2-9d7a-487b-b6de-9873d64ea13b Task timed out after 1.10 seconds\"}",
  "timestamp": 12800
}
{
  "sandboxLog": "\\n{\"errorMessage\":\"2025-04-04T05:00:44.293Z d177c31c-ab97-423b-a249-e443b1766933 Task timed out after 1.01 seconds\"}",
  "lambdaLog": "\\n{\"errorMessage\":\"2025-04-04T05:00:44.293Z d177c31c-ab97-423b-a249-e443b1766933 Task timed out after 1.01 seconds\"}",
  "timestamp": 12900
}
{
  "sandboxLog": "\\n{\"errorMessage\":\"2025-04-04T05:00:45.412Z 7bfed488-e6ae-47ab-86ee-49180f429671 Task timed out after 1.03 seconds\"}",
  "lambdaLog": "\\n{\"errorMessage\":\"2025-04-04T05:00:45.412Z 7bfed488-e6ae-47ab-86ee-49180f429671 Task timed out after 1.03 seconds\"}",
  "timestamp": 13000
}
{
  "sandboxLog": "\\n{\"errorMessage\":\"2025-04-04T05:00:46.551Z 916b1e64-c66c-48c5-a18d-e4f710bdb079 Task timed out after 1.09 seconds\"}",
  "lambdaLog": "\\n{\"errorMessage\":\"2025-04-04T05:00:46.551Z 916b1e64-c66c-48c5-a18d-e4f710bdb079 Task timed out after 1.09 seconds\"}",
  "timestamp": 13100
}
{
  "sandboxLog": "\\n{\"errorMessage\":\"2025-04-04T05:00:47.651Z ebecfa16-ab6f-4efc-a652-8a50a0182603 Task timed out after 1.06 seconds\"}",
  "lambdaLog": "\\n{\"errorMessage\":\"2025-04-04T05:00:47.651Z ebecfa16-ab6f-4efc-a652-8a50a0182603 Task timed out after 1.06 seconds\"}",
  "timestamp": 13200
}
{
  "sandboxLog": "\\n{\"errorMessage\":\"2025-04-04T05:00:48.771Z 41c04b54-2aba-442d-9b88-1c1af31d7f02 Task timed out after 1.07 seconds\"}",
  "lambdaLog": "\\n{\"errorMessage\":\"2025-04-04T05:00:48.771Z 41c04b54-2aba-442d-9b88-1c1af31d7f02 Task timed out after 1.07 seconds\"}",
  "timestamp": 13300
}
{
  "sandboxLog": "\\n{\"errorMessage\":\"2025-04-04T05:00:49.891Z 80aa223a-e6ec-4d86-bccc-c0b1931fa427 Task timed out after 1.08 seconds\"}",
  "lambdaLog": "\\n{\"errorMessage\":\"2025-04-04T05:00:49.891Z 80aa223a-e6ec-4d86-bccc-c0b1931fa427 Task timed out after 1.08 seconds\"}",
  "timestamp": 13400
}
{
  "sandboxLog": "\\n{\"errorMessage\":\"2025-04-04T05:00:51.011Z e4596d36-068d-4634-9ac4-4797a80b2d0b Task timed out after 1.08 seconds\"}",
  "lambdaLog": "\\n{\"errorMessage\":\"2025-04-04T05:00:51.011Z e4596d36-068d-4634-9ac4-4797a80b2d0b Task timed out after 1.08 seconds\"}",
  "timestamp": 13500
}
{
  "sandboxLog": "\\n{\"errorMessage\":\"2025-04-04T05:00:52.211Z aed63517-791e-4d6c-ba6f-e9e4067ac921 Task timed out after 1.16 seconds\"}",
  "lambdaLog": "\\n{\"errorMessage\":\"2025-04-04T05:00:52.211Z aed63517-791e-4d6c-ba6f-e9e4067ac921 Task timed out after 1.16 seconds\"}",
  "timestamp": 13600
}
{
  "sandboxLog": "\\n{\"errorMessage\":\"2025-04-04T05:00:53.331Z 3fddf1e2-429f-4a7b-8608-f1db01ac7f43 Task timed out after 1.07 seconds\"}",
  "lambdaLog": "\\n{\"errorMessage\":\"2025-04-04T05:00:53.331Z 3fddf1e2-429f-4a7b-8608-f1db01ac7f43 Task timed out after 1.07 seconds\"}",
  "timestamp": 13700
}
{
  "sandboxLog": "\\n{\"errorMessage\":\"2025-04-04T05:00:54.452Z bef3d3f0-e403-4cda-ae16-2fecbc31498f Task timed out after 1.08 seconds\"}",
  "lambdaLog": "\\n{\"errorMessage\":\"2025-04-04T05:00:54.452Z bef3d3f0-e403-4cda-ae16-2fecbc31498f Task timed out after 1.08 seconds\"}",
  "timestamp": 13800
}
{
  "sandboxLog": "\\n{\"errorMessage\":\"2025-04-04T05:00:55.572Z e75c897a-a8a8-4965-8049-c6a233da34cb Task timed out after 1.06 seconds\"}",
  "lambdaLog": "\\n{\"errorMessage\":\"2025-04-04T05:00:55.572Z e75c897a-a8a8-4965-8049-c6a233da34cb Task timed out after 1.06 seconds\"}",
  "timestamp": 13900
}
{
  "sandboxLog": "\\n{\"errorMessage\":\"2025-04-04T05:00:56.691Z 009730bc-9e38-4103-8f57-667bfe8104bc Task timed out after 1.07 seconds\"}",
  "lambdaLog": "\\n{\"errorMessage\":\"2025-04-04T05:00:56.691Z 009730bc-9e38-4103-8f57-667bfe8104bc Task timed out after 1.07 seconds\"}",
  "timestamp": 14000
}
{
  "sandboxLog": "\\n{\"errorMessage\":\"2025-04-04T05:00:57.852Z 459a1f61-f6d3-4317-b7e4-7c91d6ef1428 Task timed out after 1.12 seconds\"}",
  "lambdaLog": "\\n{\"errorMessage\":\"2025-04-04T05:00:57.852Z 459a1f61-f6d3-4317-b7e4-7c91d6ef1428 Task timed out after 1.12 seconds\"}",
  "timestamp": 14100
}
{
  "sandboxLog": "\\n{\"errorMessage\":\"2025-04-04T05:00:58.971Z ecbed2b5-719d-496d-ada3-828c0fff7939 Task timed out after 1.08 seconds\"}",
  "lambdaLog": "\\n{\"errorMessage\":\"2025-04-04T05:00:58.971Z ecbed2b5-719d-496d-ada3-828c0fff7939 Task timed out after 1.08 seconds\"}",
  "timestamp": 14200
}
{
  "sandboxLog": "\\n{\"errorMessage\":\"2025-04-04T05:01:00.171Z 966ba856-db08-460a-ae49-f2160ff9f1df Task timed out after 1.11 seconds\"}",
  "lambdaLog": "\\n{\"errorMessage\":\"2025-04-04T05:01:00.171Z 966ba856-db08-460a-ae49-f2160ff9f1df Task timed out after 1.11 seconds\"}",
  "timestamp": 14300
}
{
  "sandboxLog": "\\n{\"errorMessage\":\"2025-04-04T05:01:01.432Z 9cdaf630-de7e-45d2-9c35-069c84564e7e Task timed out after 1.18 seconds\"}",
  "lambdaLog": "\\n{\"errorMessage\":\"2025-04-04T05:01:01.432Z 9cdaf630-de7e-45d2-9c35-069c84564e7e Task timed out after 1.18 seconds\"}",
  "timestamp": 14400
}
{
  "sandboxLog": "\\n{\"errorMessage\":\"2025-04-04T05:01:02.592Z f128ac69-d5be-410c-a2a3-7c82cc96174b Task timed out after 1.08 seconds\"}",
  "lambdaLog": "\\n{\"errorMessage\":\"2025-04-04T05:01:02.592Z f128ac69-d5be-410c-a2a3-7c82cc96174b Task timed out after 1.08 seconds\"}",
  "timestamp": 14500
}
{
  "sandboxLog": "\\n{\"errorMessage\":\"2025-04-04T05:01:03.771Z 250ddbf9-cb05-43d1-a972-f0e7df8566a9 Task timed out after 1.14 seconds\"}",
  "lambdaLog": "\\n{\"errorMessage\":\"2025-04-04T05:01:03.771Z 250ddbf9-cb05-43d1-a972-f0e7df8566a9 Task timed out after 1.14 seconds\"}",
  "timestamp": 14600
}
{
  "sandboxLog": "\\n{\"errorMessage\":\"2025-04-04T05:01:04.855Z 0ff85c18-2414-4187-b3a1-ddde45a7ea9e Task timed out after 1.04 seconds\"}",
  "lambdaLog": "\\n{\"errorMessage\":\"2025-04-04T05:01:04.855Z 0ff85c18-2414-4187-b3a1-ddde45a7ea9e Task timed out after 1.04 seconds\"}",
  "timestamp": 14700
}
{
  "sandboxLog": "\\n{\"errorMessage\":\"2025-04-04T05:01:05.972Z 5ef43e62-e7f3-49a2-a49c-10e6a5f0b673 Task timed out after 1.04 seconds\"}",
  "lambdaLog": "\\n{\"errorMessage\":\"2025-04-04T05:01:05.972Z 5ef43e62-e7f3-49a2-a49c-10e6a5f0b673 Task timed out after 1.04 seconds\"}",
  "timestamp": 14800
}
{
  "sandboxLog": "\\n{\"errorMessage\":\"2025-04-04T05:01:07.131Z b1248243-f657-48c6-97aa-74c9b2ec5e70 Task timed out after 1.07 seconds\"}",
  "lambdaLog": "\\n{\"errorMessage\":\"2025-04-04T05:01:07.131Z b1248243-f657-48c6-97aa-74c9b2ec5e70 Task timed out after 1.07 seconds\"}",
  "timestamp": 14900
}
{
  "sandboxLog": "\\n{\"errorMessage\":\"2025-04-04T05:01:08.252Z 78ec572f-1ed0-4166-a81b-7e50bfb1ad3e Task timed out after 1.05 seconds\"}",
  "lambdaLog": "\\n{\"errorMessage\":\"2025-04-04T05:01:08.252Z 78ec572f-1ed0-4166-a81b-7e50bfb1ad3e Task timed out after 1.05 seconds\"}",
  "timestamp": 15000
}
{
  "sandboxLog": "\\n{\"errorMessage\":\"2025-04-04T05:01:09.391Z 57c2aef4-bbbf-4d4f-9914-bc0bfdf7fc69 Task timed out after 1.05 seconds\"}",
  "lambdaLog": "\\n{\"errorMessage\":\"2025-04-04T05:01:09.391Z 57c2aef4-bbbf-4d4f-9914-bc0bfdf7fc69 Task timed out after 1.05 seconds\"}",
  "timestamp": 15100
}
{
  "sandboxLog": "\\n{\"errorMessage\":\"2025-04-04T05:01:10.472Z 1572b4c2-6a5a-4048-8168-0919340e2850 Task timed out after 1.03 seconds\"}",
  "lambdaLog": "\\n{\"errorMessage\":\"2025-04-04T05:01:10.472Z 1572b4c2-6a5a-4048-8168-0919340e2850 Task timed out after 1.03 seconds\"}",
  "timestamp": 15200
}
{
  "sandboxLog": "\\n{\"errorMessage\":\"2025-04-04T05:01:11.651Z 93c491bc-73d0-4c14-a8f4-c4c535b688f5 Task timed out after 1.11 seconds\"}",
  "lambdaLog": "\\n{\"errorMessage\":\"2025-04-04T05:01:11.651Z 93c491bc-73d0-4c14-a8f4-c4c535b688f5 Task timed out after 1.11 seconds\"}",
  "timestamp": 15300
}
{
  "sandboxLog": "\\n{\"errorMessage\":\"2025-04-04T05:01:12.751Z b31c77cb-8f00-45e1-a9bb-24645637d891 Task timed out after 1.07 seconds\"}",
  "lambdaLog": "\\n{\"errorMessage\":\"2025-04-04T05:01:12.751Z b31c77cb-8f00-45e1-a9bb-24645637d891 Task timed out after 1.07 seconds\"}",
  "timestamp": 15400
}
{
  "sandboxLog": "\\n{\"errorMessage\":\"2025-04-04T05:01:13.931Z 15de72c3-6a22-4fd0-9525-684bb76e6569 Task timed out after 1.13 seconds\"}",
  "lambdaLog": "\\n{\"errorMessage\":\"2025-04-04T05:01:13.931Z 15de72c3-6a22-4fd0-9525-684bb76e6569 Task timed out after 1.13 seconds\"}",
  "timestamp": 15500
}
{
  "sandboxLog": "\\n{\"errorMessage\":\"2025-04-04T05:01:15.071Z 8fbbf6e9-48e6-4bea-acf1-72f5a8a6bad5 Task timed out after 1.09 seconds\"}",
  "lambdaLog": "\\n{\"errorMessage\":\"2025-04-04T05:01:15.071Z 8fbbf6e9-48e6-4bea-acf1-72f5a8a6bad5 Task timed out after 1.09 seconds\"}",
  "timestamp": 15600
}
{
  "sandboxLog": "\\n{\"errorMessage\":\"2025-04-04T05:01:16.172Z 1bb4e4aa-d817-46e0-8724-de5415ad49bc Task timed out after 1.05 seconds\"}",
  "lambdaLog": "\\n{\"errorMessage\":\"2025-04-04T05:01:16.172Z 1bb4e4aa-d817-46e0-8724-de5415ad49bc Task timed out after 1.05 seconds\"}",
  "timestamp": 15700
}
{
  "sandboxLog": "\\n{\"errorMessage\":\"2025-04-04T05:01:17.312Z df1f5381-8068-4e22-87b0-560a27222a48 Task timed out after 1.08 seconds\"}",
  "lambdaLog": "\\n{\"errorMessage\":\"2025-04-04T05:01:17.312Z df1f5381-8068-4e22-87b0-560a27222a48 Task timed out after 1.08 seconds\"}",
  "timestamp": 15800
}
{
  "sandboxLog": "\\n{\"errorMessage\":\"2025-04-04T05:01:18.431Z deccd71d-b427-45d7-8c39-65a523a08685 Task timed out after 1.05 seconds\"}",
  "lambdaLog": "\\n{\"errorMessage\":\"2025-04-04T05:01:18.431Z deccd71d-b427-45d7-8c39-65a523a08685 Task timed out after 1.05 seconds\"}",
  "timestamp": 15900
}
{
  "sandboxLog": "\\n{\"errorMessage\":\"2025-04-04T05:01:19.593Z d4f7daa8-17ce-4654-b5c7-36410ded39a7 Task timed out after 1.12 seconds\"}",
  "lambdaLog": "\\n{\"errorMessage\":\"2025-04-04T05:01:19.593Z d4f7daa8-17ce-4654-b5c7-36410ded39a7 Task timed out after 1.12 seconds\"}",
  "timestamp": 16000
}
{
  "sandboxLog": "\\n{\"errorMessage\":\"2025-04-04T05:01:20.712Z b37c7c4c-0e23-4a2f-bc21-f01bc48598d5 Task timed out after 1.07 seconds\"}",
  "lambdaLog": "\\n{\"errorMessage\":\"2025-04-04T05:01:20.712Z b37c7c4c-0e23-4a2f-bc21-f01bc48598d5 Task timed out after 1.07 seconds\"}",
  "timestamp": 16100
}
{
  "sandboxLog": "\\n{\"errorMessage\":\"2025-04-04T05:01:21.876Z 319bedd0-0a54-4824-ba3a-d1344553e637 Task timed out after 1.10 seconds\"}",
  "lambdaLog": "\\n{\"errorMessage\":\"2025-04-04T05:01:21.876Z 319bedd0-0a54-4824-ba3a-d1344553e637 Task timed out after 1.10 seconds\"}",
  "timestamp": 16200
}
{
  "sandboxLog": "\\n{\"errorMessage\":\"2025-04-04T05:01:22.972Z c12b2ec9-963e-46ea-ad64-23f75da71c9e Task timed out after 1.06 seconds\"}",
  "lambdaLog": "\\n{\"errorMessage\":\"2025-04-04T05:01:22.972Z c12b2ec9-963e-46ea-ad64-23f75da71c9e Task timed out after 1.06 seconds\"}",
  "timestamp": 16300
}
{
  "sandboxLog": "\\n{\"errorMessage\":\"2025-04-04T05:01:24.191Z 4be52ef2-7eac-496a-820c-16ff1fd66618 Task timed out after 1.17 seconds\"}",
  "lambdaLog": "\\n{\"errorMessage\":\"2025-04-04T05:01:24.191Z 4be52ef2-7eac-496a-820c-16ff1fd66618 Task timed out after 1.17 seconds\"}",
  "timestamp": 16400
}
{
  "sandboxLog": "\\n{\"errorMessage\":\"2025-04-04T05:01:25.332Z 5864b9d1-51c5-45ed-88b8-289857050cb4 Task timed out after 1.09 seconds\"}",
  "lambdaLog": "\\n{\"errorMessage\":\"2025-04-04T05:01:25.332Z 5864b9d1-51c5-45ed-88b8-289857050cb4 Task timed out after 1.09 seconds\"}",
  "timestamp": 16500
}
{
  "sandboxLog": "\\n{\"errorMessage\":\"2025-04-04T05:01:26.491Z b960b1e7-c887-4119-9152-22c77cfebb7d Task timed out after 1.09 seconds\"}",
  "lambdaLog": "\\n{\"errorMessage\":\"2025-04-04T05:01:26.491Z b960b1e7-c887-4119-9152-22c77cfebb7d Task timed out after 1.09 seconds\"}",
  "timestamp": 16600
}
{
  "sandboxLog": "\\n{\"errorMessage\":\"2025-04-04T05:01:27.551Z 278c6ffd-e8a4-4688-bd93-d30ea1b7b104 Task timed out after 1.03 seconds\"}",
  "lambdaLog": "\\n{\"errorMessage\":\"2025-04-04T05:01:27.551Z 278c6ffd-e8a4-4688-bd93-d30ea1b7b104 Task timed out after 1.03 seconds\"}",
  "timestamp": 16700
}
{
  "sandboxLog": "\\n{\"errorMessage\":\"2025-04-04T05:01:28.852Z 6d95113b-0358-4b3a-9c2e-cf3ebeaca8f2 Task timed out after 1.25 seconds\"}",
  "lambdaLog": "\\n{\"errorMessage\":\"2025-04-04T05:01:28.852Z 6d95113b-0358-4b3a-9c2e-cf3ebeaca8f2 Task timed out after 1.25 seconds\"}",
  "timestamp": 16800
}
{
  "sandboxLog": "\\n{\"errorMessage\":\"2025-04-04T05:01:29.971Z 6e3e30ac-3a30-4538-a1a9-1bab39b0ea7a Task timed out after 1.08 seconds\"}",
  "lambdaLog": "\\n{\"errorMessage\":\"2025-04-04T05:01:29.971Z 6e3e30ac-3a30-4538-a1a9-1bab39b0ea7a Task timed out after 1.08 seconds\"}",
  "timestamp": 16900
}
{
  "sandboxLog": "\\n{\"errorMessage\":\"2025-04-04T05:01:31.072Z 56f814f9-ef4b-4a7a-b54e-bb3718096336 Task timed out after 1.06 seconds\"}",
  "lambdaLog": "\\n{\"errorMessage\":\"2025-04-04T05:01:31.072Z 56f814f9-ef4b-4a7a-b54e-bb3718096336 Task timed out after 1.06 seconds\"}",
  "timestamp": 17000
}
{
  "sandboxLog": "\\n{\"errorMessage\":\"2025-04-04T05:01:32.172Z 70e66946-d3d8-4f7a-9c18-e4949da1db22 Task timed out after 1.06 seconds\"}",
  "lambdaLog": "\\n{\"errorMessage\":\"2025-04-04T05:01:32.172Z 70e66946-d3d8-4f7a-9c18-e4949da1db22 Task timed out after 1.06 seconds\"}",
  "timestamp": 17100
}
{
  "sandboxLog": "\\n{\"errorMessage\":\"2025-04-04T05:01:33.291Z bab6f6b3-8697-4034-9b27-0ab996c3eeba Task timed out after 1.08 seconds\"}",
  "lambdaLog": "\\n{\"errorMessage\":\"2025-04-04T05:01:33.291Z bab6f6b3-8697-4034-9b27-0ab996c3eeba Task timed out after 1.08 seconds\"}",
  "timestamp": 17200
}
{
  "sandboxLog": "\\n{\"errorMessage\":\"2025-04-04T05:01:34.392Z 1271fe8d-1774-4143-87a6-3103baee8db1 Task timed out after 1.06 seconds\"}",
  "lambdaLog": "\\n{\"errorMessage\":\"2025-04-04T05:01:34.392Z 1271fe8d-1774-4143-87a6-3103baee8db1 Task timed out after 1.06 seconds\"}",
  "timestamp": 17300
}
{
  "sandboxLog": "\\n{\"errorMessage\":\"2025-04-04T05:01:35.492Z c1d2685b-937d-40a8-88a7-1c53bfcb1d36 Task timed out after 1.06 seconds\"}",
  "lambdaLog": "\\n{\"errorMessage\":\"2025-04-04T05:01:35.492Z c1d2685b-937d-40a8-88a7-1c53bfcb1d36 Task timed out after 1.06 seconds\"}",
  "timestamp": 17400
}
{
  "sandboxLog": "\\n{\"errorMessage\":\"2025-04-04T05:01:36.573Z b60952f9-7420-4767-93a2-b670db71fc22 Task timed out after 1.04 seconds\"}",
  "lambdaLog": "\\n{\"errorMessage\":\"2025-04-04T05:01:36.573Z b60952f9-7420-4767-93a2-b670db71fc22 Task timed out after 1.04 seconds\"}",
  "timestamp": 17500
}
{
  "sandboxLog": "\\n{\"errorMessage\":\"2025-04-04T05:01:37.971Z 78c7f8d8-2624-4eac-b454-86bb82142c5b Task timed out after 1.34 seconds\"}",
  "lambdaLog": "\\n{\"errorMessage\":\"2025-04-04T05:01:37.971Z 78c7f8d8-2624-4eac-b454-86bb82142c5b Task timed out after 1.34 seconds\"}",
  "timestamp": 17600
}
{
  "sandboxLog": "\\n{\"errorMessage\":\"2025-04-04T05:01:39.092Z cdbae0de-1845-4417-bfd7-6ec4e4947588 Task timed out after 1.06 seconds\"}",
  "lambdaLog": "\\n{\"errorMessage\":\"2025-04-04T05:01:39.092Z cdbae0de-1845-4417-bfd7-6ec4e4947588 Task timed out after 1.06 seconds\"}",
  "timestamp": 17700
}
{
  "sandboxLog": "\\n{\"errorMessage\":\"2025-04-04T05:01:40.371Z 3747e4da-9754-48ff-a56b-16e2aca57484 Task timed out after 1.24 seconds\"}",
  "lambdaLog": "\\n{\"errorMessage\":\"2025-04-04T05:01:40.371Z 3747e4da-9754-48ff-a56b-16e2aca57484 Task timed out after 1.24 seconds\"}",
  "timestamp": 17800
}
{
  "sandboxLog": "\\n{\"errorMessage\":\"2025-04-04T05:01:41.452Z 19c9525e-280b-4d1a-a9d8-0f6fa9227da0 Task timed out after 1.02 seconds\"}",
  "lambdaLog": "\\n{\"errorMessage\":\"2025-04-04T05:01:41.452Z 19c9525e-280b-4d1a-a9d8-0f6fa9227da0 Task timed out after 1.02 seconds\"}",
  "timestamp": 17900
}
{
  "sandboxLog": "\\n{\"errorMessage\":\"2025-04-04T05:01:42.571Z 0fafc904-e0fa-4bea-9626-760034fa3f54 Task timed out after 1.06 seconds\"}",
  "lambdaLog": "\\n{\"errorMessage\":\"2025-04-04T05:01:42.571Z 0fafc904-e0fa-4bea-9626-760034fa3f54 Task timed out after 1.06 seconds\"}",
  "timestamp": 18000
}
{
  "sandboxLog": "\\n{\"errorMessage\":\"2025-04-04T05:01:43.771Z 97ce614c-07ac-4d26-83b2-e559b209a029 Task timed out after 1.16 seconds\"}",
  "lambdaLog": "\\n{\"errorMessage\":\"2025-04-04T05:01:43.771Z 97ce614c-07ac-4d26-83b2-e559b209a029 Task timed out after 1.16 seconds\"}",
  "timestamp": 18100
}
{
  "sandboxLog": "\\n{\"errorMessage\":\"2025-04-04T05:01:44.852Z 3dbe12e2-8892-43cb-a009-9f4988c9fecc Task timed out after 1.06 seconds\"}",
  "lambdaLog": "\\n{\"errorMessage\":\"2025-04-04T05:01:44.852Z 3dbe12e2-8892-43cb-a009-9f4988c9fecc Task timed out after 1.06 seconds\"}",
  "timestamp": 18200
}
{
  "sandboxLog": "\\n{\"errorMessage\":\"2025-04-04T05:01:45.972Z b77c747e-47a4-4b93-96a6-cf3cbef1ccc6 Task timed out after 1.06 seconds\"}",
  "lambdaLog": "\\n{\"errorMessage\":\"2025-04-04T05:01:45.972Z b77c747e-47a4-4b93-96a6-cf3cbef1ccc6 Task timed out after 1.06 seconds\"}",
  "timestamp": 18300
}
{
  "sandboxLog": "\\n{\"errorMessage\":\"2025-04-04T05:01:47.072Z a97985d2-cc6c-41cf-b3a7-f89a0a2eda59 Task timed out after 1.04 seconds\"}",
  "lambdaLog": "\\n{\"errorMessage\":\"2025-04-04T05:01:47.072Z a97985d2-cc6c-41cf-b3a7-f89a0a2eda59 Task timed out after 1.04 seconds\"}",
  "timestamp": 18400
}
{
  "sandboxLog": "\\n{\"errorMessage\":\"2025-04-04T05:01:48.191Z 0142349d-1e46-491e-918b-ebc06834779a Task timed out after 1.07 seconds\"}",
  "lambdaLog": "\\n{\"errorMessage\":\"2025-04-04T05:01:48.191Z 0142349d-1e46-491e-918b-ebc06834779a Task timed out after 1.07 seconds\"}",
  "timestamp": 18500
}
{
  "sandboxLog": "\\n{\"errorMessage\":\"2025-04-04T05:01:49.432Z 921111e5-2f1d-417f-ae86-20fb59439420 Task timed out after 1.19 seconds\"}",
  "lambdaLog": "\\n{\"errorMessage\":\"2025-04-04T05:01:49.432Z 921111e5-2f1d-417f-ae86-20fb59439420 Task timed out after 1.19 seconds\"}",
  "timestamp": 18600
}
{
  "sandboxLog": "\\n{\"errorMessage\":\"2025-04-04T05:01:50.552Z 05bac08f-3f23-463f-aeff-ed9477f62adf Task timed out after 1.06 seconds\"}",
  "lambdaLog": "\\n{\"errorMessage\":\"2025-04-04T05:01:50.552Z 05bac08f-3f23-463f-aeff-ed9477f62adf Task timed out after 1.06 seconds\"}",
  "timestamp": 18700
}
{
  "sandboxLog": "\\n{\"errorMessage\":\"2025-04-04T05:01:51.652Z 51bb0779-4bc8-424b-a851-61a794b2f565 Task timed out after 1.04 seconds\"}",
  "lambdaLog": "\\n{\"errorMessage\":\"2025-04-04T05:01:51.652Z 51bb0779-4bc8-424b-a851-61a794b2f565 Task timed out after 1.04 seconds\"}",
  "timestamp": 18800
}
{
  "sandboxLog": "\\n{\"errorMessage\":\"2025-04-04T05:01:52.792Z 447aa26d-2da5-40c3-8142-16cb9b919b57 Task timed out after 1.04 seconds\"}",
  "lambdaLog": "\\n{\"errorMessage\":\"2025-04-04T05:01:52.792Z 447aa26d-2da5-40c3-8142-16cb9b919b57 Task timed out after 1.04 seconds\"}",
  "timestamp": 18900
}
{
  "sandboxLog": "\\n{\"errorMessage\":\"2025-04-04T05:01:53.872Z 933bd96f-6972-4b98-9107-ed24cd7a172f Task timed out after 1.04 seconds\"}",
  "lambdaLog": "\\n{\"errorMessage\":\"2025-04-04T05:01:53.872Z 933bd96f-6972-4b98-9107-ed24cd7a172f Task timed out after 1.04 seconds\"}",
  "timestamp": 19000
}
{
  "sandboxLog": "\\n{\"errorMessage\":\"2025-04-04T05:01:54.991Z 6c81c512-0458-4536-9d74-1233ccd6c36c Task timed out after 1.06 seconds\"}",
  "lambdaLog": "\\n{\"errorMessage\":\"2025-04-04T05:01:54.991Z 6c81c512-0458-4536-9d74-1233ccd6c36c Task timed out after 1.06 seconds\"}",
  "timestamp": 19100
}
{
  "sandboxLog": "\\n{\"errorMessage\":\"2025-04-04T05:01:56.092Z c2d519d7-b395-4a8d-8789-8171824874ff Task timed out after 1.06 seconds\"}",
  "lambdaLog": "\\n{\"errorMessage\":\"2025-04-04T05:01:56.092Z c2d519d7-b395-4a8d-8789-8171824874ff Task timed out after 1.06 seconds\"}",
  "timestamp": 19200
}
{
  "sandboxLog": "\\n{\"errorMessage\":\"2025-04-04T05:01:57.331Z c65f3921-10b1-4192-b529-33f0dcce50ed Task timed out after 1.19 seconds\"}",
  "lambdaLog": "\\n{\"errorMessage\":\"2025-04-04T05:01:57.331Z c65f3921-10b1-4192-b529-33f0dcce50ed Task timed out after 1.19 seconds\"}",
  "timestamp": 19300
}
{
  "sandboxLog": "\\n{\"errorMessage\":\"2025-04-04T05:01:58.552Z 7e419a6e-7c31-4829-b572-af6f8e4d6a6e Task timed out after 1.18 seconds\"}",
  "lambdaLog": "\\n{\"errorMessage\":\"2025-04-04T05:01:58.552Z 7e419a6e-7c31-4829-b572-af6f8e4d6a6e Task timed out after 1.18 seconds\"}",
  "timestamp": 19400
}
{
  "sandboxLog": "\\n{\"errorMessage\":\"2025-04-04T05:01:59.653Z e4538c91-d96c-4ebe-81cd-137180ffba40 Task timed out after 1.04 seconds\"}",
  "lambdaLog": "\\n{\"errorMessage\":\"2025-04-04T05:01:59.653Z e4538c91-d96c-4ebe-81cd-137180ffba40 Task timed out after 1.04 seconds\"}",
  "timestamp": 19500
}
{
  "sandboxLog": "\\n{\"errorMessage\":\"2025-04-04T05:02:00.792Z 32da4efa-a922-44bf-9dc8-98dacb8b1229 Task timed out after 1.08 seconds\"}",
  "lambdaLog": "\\n{\"errorMessage\":\"2025-04-04T05:02:00.792Z 32da4efa-a922-44bf-9dc8-98dacb8b1229 Task timed out after 1.08 seconds\"}",
  "timestamp": 19600
}
{
  "sandboxLog": "\\n{\"errorMessage\":\"2025-04-04T05:02:01.893Z 035f75d9-3568-44a6-9df6-d2239a81cdbc Task timed out after 1.05 seconds\"}",
  "lambdaLog": "\\n{\"errorMessage\":\"2025-04-04T05:02:01.893Z 035f75d9-3568-44a6-9df6-d2239a81cdbc Task timed out after 1.05 seconds\"}",
  "timestamp": 19700
}
{
  "sandboxLog": "\\n{\"errorMessage\":\"2025-04-04T05:02:02.991Z 790fd9b8-77d9-4b0a-9250-3adb72ae9409 Task timed out after 1.06 seconds\"}",
  "lambdaLog": "\\n{\"errorMessage\":\"2025-04-04T05:02:02.991Z 790fd9b8-77d9-4b0a-9250-3adb72ae9409 Task timed out after 1.06 seconds\"}",
  "timestamp": 19800
}
{
  "sandboxLog": "\\n{\"errorMessage\":\"2025-04-04T05:02:04.033Z baeea616-1aca-48ec-a445-a2837a834ac6 Task timed out after 1.00 seconds\"}",
  "lambdaLog": "\\n{\"errorMessage\":\"2025-04-04T05:02:04.033Z baeea616-1aca-48ec-a445-a2837a834ac6 Task timed out after 1.00 seconds\"}",
  "timestamp": 19900
}
{
  "sandboxLog": "\\n{\"errorMessage\":\"2025-04-04T05:02:05.151Z 5aee6037-a9c4-4c2d-8a2f-fc600960b5ef Task timed out after 1.06 seconds\"}",
  "lambdaLog": "\\n{\"errorMessage\":\"2025-04-04T05:02:05.151Z 5aee6037-a9c4-4c2d-8a2f-fc600960b5ef Task timed out after 1.06 seconds\"}",
  "timestamp": 20000
}
{
  "sandboxLog": "Lambda errors have reached maximum value for submission be67d2ac-1336-47be-bb35-ac25410f18fb",
  "lambdaLog": null,
  "timestamp": 38250
}



Activities log:
day;timestamp;product;bid_price_1;bid_volume_1;bid_price_2;bid_volume_2;bid_price_3;bid_volume_3;ask_price_1;ask_volume_1;ask_price_2;ask_volume_2;ask_price_3;ask_volume_3;mid_price;profit_and_loss




Trade History:
null