Sandbox logs:
{
  "sandboxLog": "[ERROR] Runtime.ImportModuleError: Unable to import module 'app': No module named 'logger'\\n{\"errorMessage\":\"2025-04-04T04:53:00.478Z 81007877-2848-4bdf-bd20-901e7b147067 Task timed out after 1.11 seconds\"}",
  "lambdaLog": "[ERROR] Runtime.ImportModuleError: Unable to import module 'app': No module named 'logger'\\n{\"errorMessage\":\"2025-04-04T04:53:00.478Z 81007877-2848-4bdf-bd20-901e7b147067 Task timed out after 1.11 seconds\"}",
  "timestamp": 0
}
{
  "sandboxLog": "[ERROR] Runtime.ImportModuleError: Unable to import module 'app': No module named 'logger'\\n{\"errorMessage\":\"2025-04-04T04:53:02.317Z 04b2924b-cc26-4e8b-9e14-7e966defc755 Task timed out after 1.12 seconds\"}",
  "lambdaLog": "[ERROR] Runtime.ImportModuleError: Unable to import module 'app': No module named 'logger'\\n{\"errorMessage\":\"2025-04-04T04:53:02.317Z 04b2924b-cc26-4e8b-9e14-7e966defc755 Task timed out after 1.12 seconds\"}",
  "timestamp": 100
}
{
  "sandboxLog": "\\n{\"errorMessage\":\"2025-04-04T04:53:03.398Z bfa057f4-264f-4637-8d10-3b5a3165bd88 Task timed out after 1.04 seconds\"}",
  "lambdaLog": "\\n{\"errorMessage\":\"2025-04-04T04:53:03.398Z bfa057f4-264f-4637-8d10-3b5a3165bd88 Task timed out after 1.04 seconds\"}",
  "timestamp": 200
}
{
  "sandboxLog": "[ERROR] Runtime.ImportModuleError: Unable to import module 'app': No module named 'logger'\\n{\"errorMessage\":\"2025-04-04T04:53:05.178Z ff68e37b-6f32-4dc8-ac4f-2db357038c09 Task timed out after 1.07 seconds\"}",
  "lambdaLog": "[ERROR] Runtime.ImportModuleError: Unable to import module 'app': No module named 'logger'\\n{\"errorMessage\":\"2025-04-04T04:53:05.178Z ff68e37b-6f32-4dc8-ac4f-2db357038c09 Task timed out after 1.07 seconds\"}",
  "timestamp": 300
}
{
  "sandboxLog": "\\n{\"errorMessage\":\"2025-04-04T04:53:06.258Z bd3c34cd-0027-4727-9ca5-b49e6d73a73c Task timed out after 1.05 seconds\"}",
  "lambdaLog": "\\n{\"errorMessage\":\"2025-04-04T04:53:06.258Z bd3c34cd-0027-4727-9ca5-b49e6d73a73c Task timed out after 1.05 seconds\"}",
  "timestamp": 400
}
{
  "sandboxLog": "\\n{\"errorMessage\":\"2025-04-04T04:53:07.418Z 8a51764b-bbbe-42ab-9c1d-f3b029d8570a Task timed out after 1.13 seconds\"}",
  "lambdaLog": "\\n{\"errorMessage\":\"2025-04-04T04:53:07.418Z 8a51764b-bbbe-42ab-9c1d-f3b029d8570a Task timed out after 1.13 seconds\"}",
  "timestamp": 500
}
{
  "sandboxLog": "\\n{\"errorMessage\":\"2025-04-04T04:53:08.557Z 33f24853-54fd-4ffd-bd45-c08c72624231 Task timed out after 1.08 seconds\"}",
  "lambdaLog": "\\n{\"errorMessage\":\"2025-04-04T04:53:08.557Z 33f24853-54fd-4ffd-bd45-c08c72624231 Task timed out after 1.08 seconds\"}",
  "timestamp": 600
}
{
  "sandboxLog": "[ERROR] Runtime.ImportModuleError: Unable to import module 'app': No module named 'logger'\\n{\"errorMessage\":\"2025-04-04T04:53:10.357Z 47618cca-8018-46ce-961f-7b5e1b9dd006 Task timed out after 1.11 seconds\"}",
  "lambdaLog": "[ERROR] Runtime.ImportModuleError: Unable to import module 'app': No module named 'logger'\\n{\"errorMessage\":\"2025-04-04T04:53:10.357Z 47618cca-8018-46ce-961f-7b5e1b9dd006 Task timed out after 1.11 seconds\"}",
  "timestamp": 700
}
{
  "sandboxLog": "\\n{\"errorMessage\":\"2025-04-04T04:53:11.637Z b405b9ac-d097-4a54-8216-96e1beb1b32a Task timed out after 1.24 seconds\"}",
  "lambdaLog": "\\n{\"errorMessage\":\"2025-04-04T04:53:11.637Z b405b9ac-d097-4a54-8216-96e1beb1b32a Task timed out after 1.24 seconds\"}",
  "timestamp": 800
}
{
  "sandboxLog": "\\n{\"errorMessage\":\"2025-04-04T04:53:12.738Z 69f5d786-35fa-424a-a826-a5933a9b6818 Task timed out after 1.07 seconds\"}",
  "lambdaLog": "\\n{\"errorMessage\":\"2025-04-04T04:53:12.738Z 69f5d786-35fa-424a-a826-a5933a9b6818 Task timed out after 1.07 seconds\"}",
  "timestamp": 900
}
{
  "sandboxLog": "\\n{\"errorMessage\":\"2025-04-04T04:53:13.958Z 39e7c019-44dc-4a8e-b531-9db012872858 Task timed out after 1.19 seconds\"}",
  "lambdaLog": "\\n{\"errorMessage\":\"2025-04-04T04:53:13.958Z 39e7c019-44dc-4a8e-b531-9db012872858 Task timed out after 1.19 seconds\"}",
  "timestamp": 1000
}
{
  "sandboxLog": "\\n{\"errorMessage\":\"2025-04-04T04:53:15.058Z 7609c679-7c8e-4e36-9cbf-22317320528e Task timed out after 1.05 seconds\"}",
  "lambdaLog": "\\n{\"errorMessage\":\"2025-04-04T04:53:15.058Z 7609c679-7c8e-4e36-9cbf-22317320528e Task timed out after 1.05 seconds\"}",
  "timestamp": 1100
}
{
  "sandboxLog": "\\n{\"errorMessage\":\"2025-04-04T04:53:16.138Z 39e5b7e1-bc93-4411-bc81-1dea29d9eec0 Task timed out after 1.03 seconds\"}",
  "lambdaLog": "\\n{\"errorMessage\":\"2025-04-04T04:53:16.138Z 39e5b7e1-bc93-4411-bc81-1dea29d9eec0 Task timed out after 1.03 seconds\"}",
  "timestamp": 1200
}
{
  "sandboxLog": "\\n{\"errorMessage\":\"2025-04-04T04:53:17.317Z 2e27b39f-fea1-45e7-9eca-05edd84bf27a Task timed out after 1.13 seconds\"}",
  "lambdaLog": "\\n{\"errorMessage\":\"2025-04-04T04:53:17.317Z 2e27b39f-fea1-45e7-9eca-05edd84bf27a Task timed out after 1.13 seconds\"}",
  "timestamp": 1300
}
{
  "sandboxLog": "[ERROR] Runtime.ImportModuleError: Unable to import module 'app': No module named 'logger'\\n{\"errorMessage\":\"2025-04-04T04:53:19.057Z 8e92af0e-834a-4657-ad59-600f1cb70739 Task timed out after 1.06 seconds\"}",
  "lambdaLog": "[ERROR] Runtime.ImportModuleError: Unable to import module 'app': No module named 'logger'\\n{\"errorMessage\":\"2025-04-04T04:53:19.057Z 8e92af0e-834a-4657-ad59-600f1cb70739 Task timed out after 1.06 seconds\"}",
  "timestamp": 1400
}
{
  "sandboxLog": "\\n{\"errorMessage\":\"2025-04-04T04:53:20.118Z 11cee0d4-af50-4afe-bfbe-124b89b7b293 Task timed out after 1.03 seconds\"}",
  "lambdaLog": "\\n{\"errorMessage\":\"2025-04-04T04:53:20.118Z 11cee0d4-af50-4afe-bfbe-124b89b7b293 Task timed out after 1.03 seconds\"}",
  "timestamp": 1500
}
{
  "sandboxLog": "\\n{\"errorMessage\":\"2025-04-04T04:53:21.237Z 0383928a-bcfd-4106-b3c8-677636747a37 Task timed out after 1.07 seconds\"}",
  "lambdaLog": "\\n{\"errorMessage\":\"2025-04-04T04:53:21.237Z 0383928a-bcfd-4106-b3c8-677636747a37 Task timed out after 1.07 seconds\"}",
  "timestamp": 1600
}
{
  "sandboxLog": "\\n{\"errorMessage\":\"2025-04-04T04:53:22.337Z e00b8ca4-f00e-4058-a10a-687cda0c922a Task timed out after 1.06 seconds\"}",
  "lambdaLog": "\\n{\"errorMessage\":\"2025-04-04T04:53:22.337Z e00b8ca4-f00e-4058-a10a-687cda0c922a Task timed out after 1.06 seconds\"}",
  "timestamp": 1700
}
{
  "sandboxLog": "\\n{\"errorMessage\":\"2025-04-04T04:53:23.538Z 80f18f19-cc90-494b-9fdd-79d711bfe844 Task timed out after 1.18 seconds\"}",
  "lambdaLog": "\\n{\"errorMessage\":\"2025-04-04T04:53:23.538Z 80f18f19-cc90-494b-9fdd-79d711bfe844 Task timed out after 1.18 seconds\"}",
  "timestamp": 1800
}
{
  "sandboxLog": "\\n{\"errorMessage\":\"2025-04-04T04:53:24.657Z 3ef2773c-f992-4eb1-9dbb-0485c807bc14 Task timed out after 1.07 seconds\"}",
  "lambdaLog": "\\n{\"errorMessage\":\"2025-04-04T04:53:24.657Z 3ef2773c-f992-4eb1-9dbb-0485c807bc14 Task timed out after 1.07 seconds\"}",
  "timestamp": 1900
}
{
  "sandboxLog": "\\n{\"errorMessage\":\"2025-04-04T04:53:25.798Z 5da93e63-c51a-4ef2-890b-107a40af1e90 Task timed out after 1.11 seconds\"}",
  "lambdaLog": "\\n{\"errorMessage\":\"2025-04-04T04:53:25.798Z 5da93e63-c51a-4ef2-890b-107a40af1e90 Task timed out after 1.11 seconds\"}",
  "timestamp": 2000
}
{
  "sandboxLog": "\\n{\"errorMessage\":\"2025-04-04T04:53:26.978Z 96c4c414-1c3d-490b-b346-87ace9adeaa4 Task timed out after 1.13 seconds\"}",
  "lambdaLog": "\\n{\"errorMessage\":\"2025-04-04T04:53:26.978Z 96c4c414-1c3d-490b-b346-87ace9adeaa4 Task timed out after 1.13 seconds\"}",
  "timestamp": 2100
}
{
  "sandboxLog": "\\n{\"errorMessage\":\"2025-04-04T04:53:28.077Z 95d34883-19a8-447b-bbf5-0ecba83b2cfe Task timed out after 1.06 seconds\"}",
  "lambdaLog": "\\n{\"errorMessage\":\"2025-04-04T04:53:28.077Z 95d34883-19a8-447b-bbf5-0ecba83b2cfe Task timed out after 1.06 seconds\"}",
  "timestamp": 2200
}
{
  "sandboxLog": "\\n{\"errorMessage\":\"2025-04-04T04:53:29.158Z 3bbcf747-7041-40f3-bd35-68a0c7300b43 Task timed out after 1.06 seconds\"}",
  "lambdaLog": "\\n{\"errorMessage\":\"2025-04-04T04:53:29.158Z 3bbcf747-7041-40f3-bd35-68a0c7300b43 Task timed out after 1.06 seconds\"}",
  "timestamp": 2300
}
{
  "sandboxLog": "\\n{\"errorMessage\":\"2025-04-04T04:53:30.218Z 70b0b847-317f-44d0-b1bd-37fb6595003e Task timed out after 1.03 seconds\"}",
  "lambdaLog": "\\n{\"errorMessage\":\"2025-04-04T04:53:30.218Z 70b0b847-317f-44d0-b1bd-37fb6595003e Task timed out after 1.03 seconds\"}",
  "timestamp": 2400
}
{
  "sandboxLog": "\\n{\"errorMessage\":\"2025-04-04T04:53:31.378Z cec09b32-c4e2-459b-b089-9729fbcd83a6 Task timed out after 1.11 seconds\"}",
  "lambdaLog": "\\n{\"errorMessage\":\"2025-04-04T04:53:31.378Z cec09b32-c4e2-459b-b089-9729fbcd83a6 Task timed out after 1.11 seconds\"}",
  "timestamp": 2500
}
{
  "sandboxLog": "\\n{\"errorMessage\":\"2025-04-04T04:53:32.458Z a5974c5c-72b8-48e3-880b-7d7bcb782252 Task timed out after 1.04 seconds\"}",
  "lambdaLog": "\\n{\"errorMessage\":\"2025-04-04T04:53:32.458Z a5974c5c-72b8-48e3-880b-7d7bcb782252 Task timed out after 1.04 seconds\"}",
  "timestamp": 2600
}
{
  "sandboxLog": "\\n{\"errorMessage\":\"2025-04-04T04:53:33.537Z e57e15d6-dc4f-4ac9-b59c-690aef53b53c Task timed out after 1.04 seconds\"}",
  "lambdaLog": "\\n{\"errorMessage\":\"2025-04-04T04:53:33.537Z e57e15d6-dc4f-4ac9-b59c-690aef53b53c Task timed out after 1.04 seconds\"}",
  "timestamp": 2700
}
{
  "sandboxLog": "\\n{\"errorMessage\":\"2025-04-04T04:53:34.637Z 31891a72-3453-45dc-bbe8-5124be011cdb Task timed out after 1.05 seconds\"}",
  "lambdaLog": "\\n{\"errorMessage\":\"2025-04-04T04:53:34.637Z 31891a72-3453-45dc-bbe8-5124be011cdb Task timed out after 1.05 seconds\"}",
  "timestamp": 2800
}
{
  "sandboxLog": "[ERROR] Runtime.ImportModuleError: Unable to import module 'app': No module named 'logger'\\n{\"errorMessage\":\"2025-04-04T04:53:36.378Z 3730997e-d28e-46fb-b61c-eed406e221bf Task timed out after 1.04 seconds\"}",
  "lambdaLog": "[ERROR] Runtime.ImportModuleError: Unable to import module 'app': No module named 'logger'\\n{\"errorMessage\":\"2025-04-04T04:53:36.378Z 3730997e-d28e-46fb-b61c-eed406e221bf Task timed out after 1.04 seconds\"}",
  "timestamp": 2900
}
{
  "sandboxLog": "\\n{\"errorMessage\":\"2025-04-04T04:53:37.458Z 81c7c1e5-c753-4698-b57b-e00b87742147 Task timed out after 1.05 seconds\"}",
  "lambdaLog": "\\n{\"errorMessage\":\"2025-04-04T04:53:37.458Z 81c7c1e5-c753-4698-b57b-e00b87742147 Task timed out after 1.05 seconds\"}",
  "timestamp": 3000
}
{
  "sandboxLog": "\\n{\"errorMessage\":\"2025-04-04T04:53:38.518Z ac64f6b0-264d-40f9-8c49-ebb9e3d7614f Task timed out after 1.03 seconds\"}",
  "lambdaLog": "\\n{\"errorMessage\":\"2025-04-04T04:53:38.518Z ac64f6b0-264d-40f9-8c49-ebb9e3d7614f Task timed out after 1.03 seconds\"}",
  "timestamp": 3100
}
{
  "sandboxLog": "\\n{\"errorMessage\":\"2025-04-04T04:53:39.598Z 8a0abad3-41b5-41ca-abd1-e48c084adbc9 Task timed out after 1.02 seconds\"}",
  "lambdaLog": "\\n{\"errorMessage\":\"2025-04-04T04:53:39.598Z 8a0abad3-41b5-41ca-abd1-e48c084adbc9 Task timed out after 1.02 seconds\"}",
  "timestamp": 3200
}
{
  "sandboxLog": "\\n{\"errorMessage\":\"2025-04-04T04:53:40.678Z cb646676-9973-4b52-ad51-02853c071095 Task timed out after 1.03 seconds\"}",
  "lambdaLog": "\\n{\"errorMessage\":\"2025-04-04T04:53:40.678Z cb646676-9973-4b52-ad51-02853c071095 Task timed out after 1.03 seconds\"}",
  "timestamp": 3300
}
{
  "sandboxLog": "\\n{\"errorMessage\":\"2025-04-04T04:53:41.778Z 91bd8da7-6ddf-4c82-b24a-fceabc79c297 Task timed out after 1.04 seconds\"}",
  "lambdaLog": "\\n{\"errorMessage\":\"2025-04-04T04:53:41.778Z 91bd8da7-6ddf-4c82-b24a-fceabc79c297 Task timed out after 1.04 seconds\"}",
  "timestamp": 3400
}
{
  "sandboxLog": "\\n{\"errorMessage\":\"2025-04-04T04:53:42.957Z d2d308ae-c237-478d-80af-cde795a59697 Task timed out after 1.14 seconds\"}",
  "lambdaLog": "\\n{\"errorMessage\":\"2025-04-04T04:53:42.957Z d2d308ae-c237-478d-80af-cde795a59697 Task timed out after 1.14 seconds\"}",
  "timestamp": 3500
}
{
  "sandboxLog": "\\n{\"errorMessage\":\"2025-04-04T04:53:44.037Z ef508db4-7c89-4cd9-bf21-27587649daf8 Task timed out after 1.05 seconds\"}",
  "lambdaLog": "\\n{\"errorMessage\":\"2025-04-04T04:53:44.037Z ef508db4-7c89-4cd9-bf21-27587649daf8 Task timed out after 1.05 seconds\"}",
  "timestamp": 3600
}
{
  "sandboxLog": "\\n{\"errorMessage\":\"2025-04-04T04:53:45.257Z 1bf8a0b6-33f6-4820-b970-319da677cada Task timed out after 1.18 seconds\"}",
  "lambdaLog": "\\n{\"errorMessage\":\"2025-04-04T04:53:45.257Z 1bf8a0b6-33f6-4820-b970-319da677cada Task timed out after 1.18 seconds\"}",
  "timestamp": 3700
}
{
  "sandboxLog": "\\n{\"errorMessage\":\"2025-04-04T04:53:46.318Z 5048b6bd-7e46-447d-873e-7878a6656259 Task timed out after 1.03 seconds\"}",
  "lambdaLog": "\\n{\"errorMessage\":\"2025-04-04T04:53:46.318Z 5048b6bd-7e46-447d-873e-7878a6656259 Task timed out after 1.03 seconds\"}",
  "timestamp": 3800
}
{
  "sandboxLog": "\\n{\"errorMessage\":\"2025-04-04T04:53:47.417Z 84fbade3-c89c-4114-a35a-d2bb2a36caf8 Task timed out after 1.04 seconds\"}",
  "lambdaLog": "\\n{\"errorMessage\":\"2025-04-04T04:53:47.417Z 84fbade3-c89c-4114-a35a-d2bb2a36caf8 Task timed out after 1.04 seconds\"}",
  "timestamp": 3900
}
{
  "sandboxLog": "\\n{\"errorMessage\":\"2025-04-04T04:53:48.478Z 4e011c9e-d7aa-431b-b594-aac4ee299a69 Task timed out after 1.03 seconds\"}",
  "lambdaLog": "\\n{\"errorMessage\":\"2025-04-04T04:53:48.478Z 4e011c9e-d7aa-431b-b594-aac4ee299a69 Task timed out after 1.03 seconds\"}",
  "timestamp": 4000
}
{
  "sandboxLog": "\\n{\"errorMessage\":\"2025-04-04T04:53:49.657Z 80fef818-8d9f-48fe-842b-1ba9e3f98fcc Task timed out after 1.14 seconds\"}",
  "lambdaLog": "\\n{\"errorMessage\":\"2025-04-04T04:53:49.657Z 80fef818-8d9f-48fe-842b-1ba9e3f98fcc Task timed out after 1.14 seconds\"}",
  "timestamp": 4100
}
{
  "sandboxLog": "\\n{\"errorMessage\":\"2025-04-04T04:53:50.738Z 1deef063-666e-421c-ab40-f3dcb15aa2f7 Task timed out after 1.04 seconds\"}",
  "lambdaLog": "\\n{\"errorMessage\":\"2025-04-04T04:53:50.738Z 1deef063-666e-421c-ab40-f3dcb15aa2f7 Task timed out after 1.04 seconds\"}",
  "timestamp": 4200
}
{
  "sandboxLog": "\\n{\"errorMessage\":\"2025-04-04T04:53:51.838Z 735a4c1b-c486-4af7-b8ae-e756f111392d Task timed out after 1.04 seconds\"}",
  "lambdaLog": "\\n{\"errorMessage\":\"2025-04-04T04:53:51.838Z 735a4c1b-c486-4af7-b8ae-e756f111392d Task timed out after 1.04 seconds\"}",
  "timestamp": 4300
}
{
  "sandboxLog": "\\n{\"errorMessage\":\"2025-04-04T04:53:52.917Z ef5f7b97-547d-4f23-bac3-bbd020970c0d Task timed out after 1.02 seconds\"}",
  "lambdaLog": "\\n{\"errorMessage\":\"2025-04-04T04:53:52.917Z ef5f7b97-547d-4f23-bac3-bbd020970c0d Task timed out after 1.02 seconds\"}",
  "timestamp": 4400
}
{
  "sandboxLog": "\\n{\"errorMessage\":\"2025-04-04T04:53:54.018Z 34e75964-e9c0-489b-b7f7-ba93ac5c1276 Task timed out after 1.04 seconds\"}",
  "lambdaLog": "\\n{\"errorMessage\":\"2025-04-04T04:53:54.018Z 34e75964-e9c0-489b-b7f7-ba93ac5c1276 Task timed out after 1.04 seconds\"}",
  "timestamp": 4500
}
{
  "sandboxLog": "\\n{\"errorMessage\":\"2025-04-04T04:53:55.118Z e91377ca-8cc4-41eb-86e2-be4311f7a075 Task timed out after 1.04 seconds\"}",
  "lambdaLog": "\\n{\"errorMessage\":\"2025-04-04T04:53:55.118Z e91377ca-8cc4-41eb-86e2-be4311f7a075 Task timed out after 1.04 seconds\"}",
  "timestamp": 4600
}
{
  "sandboxLog": "\\n{\"errorMessage\":\"2025-04-04T04:53:56.237Z faa1fe7b-05e5-4893-aa9b-4ecec2ce969d Task timed out after 1.06 seconds\"}",
  "lambdaLog": "\\n{\"errorMessage\":\"2025-04-04T04:53:56.237Z faa1fe7b-05e5-4893-aa9b-4ecec2ce969d Task timed out after 1.06 seconds\"}",
  "timestamp": 4700
}
{
  "sandboxLog": "\\n{\"errorMessage\":\"2025-04-04T04:53:57.598Z 3ed27e86-f6e7-43c8-9706-07ac4eaeaba2 Task timed out after 1.33 seconds\"}",
  "lambdaLog": "\\n{\"errorMessage\":\"2025-04-04T04:53:57.598Z 3ed27e86-f6e7-43c8-9706-07ac4eaeaba2 Task timed out after 1.33 seconds\"}",
  "timestamp": 4800
}
{
  "sandboxLog": "\\n{\"errorMessage\":\"2025-04-04T04:53:58.797Z b25c8b19-d616-4299-b81e-9c6a4c0d45ca Task timed out after 1.14 seconds\"}",
  "lambdaLog": "\\n{\"errorMessage\":\"2025-04-04T04:53:58.797Z b25c8b19-d616-4299-b81e-9c6a4c0d45ca Task timed out after 1.14 seconds\"}",
  "timestamp": 4900
}
{
  "sandboxLog": "\\n{\"errorMessage\":\"2025-04-04T04:53:59.878Z 342f5337-3088-4bdb-9368-e5308b810a67 Task timed out after 1.05 seconds\"}",
  "lambdaLog": "\\n{\"errorMessage\":\"2025-04-04T04:53:59.878Z 342f5337-3088-4bdb-9368-e5308b810a67 Task timed out after 1.05 seconds\"}",
  "timestamp": 5000
}
{
  "sandboxLog": "\\n{\"errorMessage\":\"2025-04-04T04:54:00.958Z 6110e63f-521f-49f6-a1ca-494c46454fdb Task timed out after 1.04 seconds\"}",
  "lambdaLog": "\\n{\"errorMessage\":\"2025-04-04T04:54:00.958Z 6110e63f-521f-49f6-a1ca-494c46454fdb Task timed out after 1.04 seconds\"}",
  "timestamp": 5100
}
{
  "sandboxLog": "\\n{\"errorMessage\":\"2025-04-04T04:54:01.998Z 3321d617-5c48-4959-a168-8e8fc73741d4 Task timed out after 1.00 seconds\"}",
  "lambdaLog": "\\n{\"errorMessage\":\"2025-04-04T04:54:01.998Z 3321d617-5c48-4959-a168-8e8fc73741d4 Task timed out after 1.00 seconds\"}",
  "timestamp": 5200
}
{
  "sandboxLog": "\\n{\"errorMessage\":\"2025-04-04T04:54:03.097Z fecbd0fd-b2f4-40f3-b2b7-f6a941b03949 Task timed out after 1.04 seconds\"}",
  "lambdaLog": "\\n{\"errorMessage\":\"2025-04-04T04:54:03.097Z fecbd0fd-b2f4-40f3-b2b7-f6a941b03949 Task timed out after 1.04 seconds\"}",
  "timestamp": 5300
}
{
  "sandboxLog": "\\n{\"errorMessage\":\"2025-04-04T04:54:04.218Z 43ea465e-b7ca-4ddd-92e6-562a360fd5df Task timed out after 1.08 seconds\"}",
  "lambdaLog": "\\n{\"errorMessage\":\"2025-04-04T04:54:04.218Z 43ea465e-b7ca-4ddd-92e6-562a360fd5df Task timed out after 1.08 seconds\"}",
  "timestamp": 5400
}
{
  "sandboxLog": "\\n{\"errorMessage\":\"2025-04-04T04:54:05.318Z 4e57af37-29a1-40f3-a993-bfc5cae217bb Task timed out after 1.04 seconds\"}",
  "lambdaLog": "\\n{\"errorMessage\":\"2025-04-04T04:54:05.318Z 4e57af37-29a1-40f3-a993-bfc5cae217bb Task timed out after 1.04 seconds\"}",
  "timestamp": 5500
}
{
  "sandboxLog": "\\n{\"errorMessage\":\"2025-04-04T04:54:06.437Z 0be60680-1fc2-4565-b58b-9a225feef91d Task timed out after 1.06 seconds\"}",
  "lambdaLog": "\\n{\"errorMessage\":\"2025-04-04T04:54:06.437Z 0be60680-1fc2-4565-b58b-9a225feef91d Task timed out after 1.06 seconds\"}",
  "timestamp": 5600
}
{
  "sandboxLog": "\\n{\"errorMessage\":\"2025-04-04T04:54:07.497Z 68849eb6-1644-439c-9617-bb82e4c3614b Task timed out after 1.04 seconds\"}",
  "lambdaLog": "\\n{\"errorMessage\":\"2025-04-04T04:54:07.497Z 68849eb6-1644-439c-9617-bb82e4c3614b Task timed out after 1.04 seconds\"}",
  "timestamp": 5700
}
{
  "sandboxLog": "[ERROR] Runtime.ImportModuleError: Unable to import module 'app': No module named 'logger'\\n{\"errorMessage\":\"2025-04-04T04:54:09.358Z 565d5cf8-95b2-4668-adf1-35b8765f06e3 Task timed out after 1.14 seconds\"}",
  "lambdaLog": "[ERROR] Runtime.ImportModuleError: Unable to import module 'app': No module named 'logger'\\n{\"errorMessage\":\"2025-04-04T04:54:09.358Z 565d5cf8-95b2-4668-adf1-35b8765f06e3 Task timed out after 1.14 seconds\"}",
  "timestamp": 5800
}
{
  "sandboxLog": "\\n{\"errorMessage\":\"2025-04-04T04:54:10.497Z 1eb39eed-6cb7-4183-8c5c-50d9921c61c8 Task timed out after 1.04 seconds\"}",
  "lambdaLog": "\\n{\"errorMessage\":\"2025-04-04T04:54:10.497Z 1eb39eed-6cb7-4183-8c5c-50d9921c61c8 Task timed out after 1.04 seconds\"}",
  "timestamp": 5900
}
{
  "sandboxLog": "\\n{\"errorMessage\":\"2025-04-04T04:54:11.637Z 55d7c819-888d-4f51-90b1-617aec7af4ec Task timed out after 1.08 seconds\"}",
  "lambdaLog": "\\n{\"errorMessage\":\"2025-04-04T04:54:11.637Z 55d7c819-888d-4f51-90b1-617aec7af4ec Task timed out after 1.08 seconds\"}",
  "timestamp": 6000
}
{
  "sandboxLog": "\\n{\"errorMessage\":\"2025-04-04T04:54:12.717Z 50c5488e-0be6-4c6b-807c-6e16a48cf51c Task timed out after 1.05 seconds\"}",
  "lambdaLog": "\\n{\"errorMessage\":\"2025-04-04T04:54:12.717Z 50c5488e-0be6-4c6b-807c-6e16a48cf51c Task timed out after 1.05 seconds\"}",
  "timestamp": 6100
}
{
  "sandboxLog": "\\n{\"errorMessage\":\"2025-04-04T04:54:13.778Z 2ce43d8f-88ba-46b7-9177-b468273ca808 Task timed out after 1.02 seconds\"}",
  "lambdaLog": "\\n{\"errorMessage\":\"2025-04-04T04:54:13.778Z 2ce43d8f-88ba-46b7-9177-b468273ca808 Task timed out after 1.02 seconds\"}",
  "timestamp": 6200
}
{
  "sandboxLog": "\\n{\"errorMessage\":\"2025-04-04T04:54:14.877Z 71ce200e-f7b6-47e1-ab54-47d692e8bbc3 Task timed out after 1.06 seconds\"}",
  "lambdaLog": "\\n{\"errorMessage\":\"2025-04-04T04:54:14.877Z 71ce200e-f7b6-47e1-ab54-47d692e8bbc3 Task timed out after 1.06 seconds\"}",
  "timestamp": 6300
}
{
  "sandboxLog": "\\n{\"errorMessage\":\"2025-04-04T04:54:15.938Z d717c422-34b0-4b33-b390-771278228e0c Task timed out after 1.04 seconds\"}",
  "lambdaLog": "\\n{\"errorMessage\":\"2025-04-04T04:54:15.938Z d717c422-34b0-4b33-b390-771278228e0c Task timed out after 1.04 seconds\"}",
  "timestamp": 6400
}
{
  "sandboxLog": "\\n{\"errorMessage\":\"2025-04-04T04:54:17.078Z 9c13aa6f-94e3-4f07-94c9-294882dc4102 Task timed out after 1.10 seconds\"}",
  "lambdaLog": "\\n{\"errorMessage\":\"2025-04-04T04:54:17.078Z 9c13aa6f-94e3-4f07-94c9-294882dc4102 Task timed out after 1.10 seconds\"}",
  "timestamp": 6500
}
{
  "sandboxLog": "\\n{\"errorMessage\":\"2025-04-04T04:54:18.257Z 83530fa1-9930-4317-9b40-6e288e1c59cd Task timed out after 1.14 seconds\"}",
  "lambdaLog": "\\n{\"errorMessage\":\"2025-04-04T04:54:18.257Z 83530fa1-9930-4317-9b40-6e288e1c59cd Task timed out after 1.14 seconds\"}",
  "timestamp": 6600
}
{
  "sandboxLog": "\\n{\"errorMessage\":\"2025-04-04T04:54:19.318Z da05e4f2-072a-4145-a73b-cfaa4a2d0f05 Task timed out after 1.02 seconds\"}",
  "lambdaLog": "\\n{\"errorMessage\":\"2025-04-04T04:54:19.318Z da05e4f2-072a-4145-a73b-cfaa4a2d0f05 Task timed out after 1.02 seconds\"}",
  "timestamp": 6700
}
{
  "sandboxLog": "\\n{\"errorMessage\":\"2025-04-04T04:54:20.436Z db084762-f267-41e0-8163-5ddcea42c313 Task timed out after 1.06 seconds\"}",
  "lambdaLog": "\\n{\"errorMessage\":\"2025-04-04T04:54:20.436Z db084762-f267-41e0-8163-5ddcea42c313 Task timed out after 1.06 seconds\"}",
  "timestamp": 6800
}
{
  "sandboxLog": "\\n{\"errorMessage\":\"2025-04-04T04:54:21.517Z 378b97b5-4de5-4e13-8529-af8498e58528 Task timed out after 1.04 seconds\"}",
  "lambdaLog": "\\n{\"errorMessage\":\"2025-04-04T04:54:21.517Z 378b97b5-4de5-4e13-8529-af8498e58528 Task timed out after 1.04 seconds\"}",
  "timestamp": 6900
}
{
  "sandboxLog": "\\n{\"errorMessage\":\"2025-04-04T04:54:22.777Z c107147f-ab3a-47ab-9f67-7e37d08d6a55 Task timed out after 1.20 seconds\"}",
  "lambdaLog": "\\n{\"errorMessage\":\"2025-04-04T04:54:22.777Z c107147f-ab3a-47ab-9f67-7e37d08d6a55 Task timed out after 1.20 seconds\"}",
  "timestamp": 7000
}
{
  "sandboxLog": "\\n{\"errorMessage\":\"2025-04-04T04:54:23.858Z bc8370a3-7f35-4270-bb80-db2e2611032f Task timed out after 1.04 seconds\"}",
  "lambdaLog": "\\n{\"errorMessage\":\"2025-04-04T04:54:23.858Z bc8370a3-7f35-4270-bb80-db2e2611032f Task timed out after 1.04 seconds\"}",
  "timestamp": 7100
}
{
  "sandboxLog": "\\n{\"errorMessage\":\"2025-04-04T04:54:25.118Z 2cc01d25-8d2e-466e-ab3d-2f22ae3609d4 Task timed out after 1.22 seconds\"}",
  "lambdaLog": "\\n{\"errorMessage\":\"2025-04-04T04:54:25.118Z 2cc01d25-8d2e-466e-ab3d-2f22ae3609d4 Task timed out after 1.22 seconds\"}",
  "timestamp": 7200
}
{
  "sandboxLog": "\\n{\"errorMessage\":\"2025-04-04T04:54:26.237Z 0d177b32-0f23-4aae-81a7-b3e934160f26 Task timed out after 1.06 seconds\"}",
  "lambdaLog": "\\n{\"errorMessage\":\"2025-04-04T04:54:26.237Z 0d177b32-0f23-4aae-81a7-b3e934160f26 Task timed out after 1.06 seconds\"}",
  "timestamp": 7300
}
{
  "sandboxLog": "\\n{\"errorMessage\":\"2025-04-04T04:54:27.317Z eea1d6a4-a7a4-4935-abf6-c07cf7587dfa Task timed out after 1.06 seconds\"}",
  "lambdaLog": "\\n{\"errorMessage\":\"2025-04-04T04:54:27.317Z eea1d6a4-a7a4-4935-abf6-c07cf7587dfa Task timed out after 1.06 seconds\"}",
  "timestamp": 7400
}
{
  "sandboxLog": "\\n{\"errorMessage\":\"2025-04-04T04:54:28.378Z 4dcfc6c0-a33e-427c-82ae-f93c6ac27207 Task timed out after 1.04 seconds\"}",
  "lambdaLog": "\\n{\"errorMessage\":\"2025-04-04T04:54:28.378Z 4dcfc6c0-a33e-427c-82ae-f93c6ac27207 Task timed out after 1.04 seconds\"}",
  "timestamp": 7500
}
{
  "sandboxLog": "\\n{\"errorMessage\":\"2025-04-04T04:54:29.578Z a6e35a70-453a-41b9-a7a0-7cfb6e22a39e Task timed out after 1.16 seconds\"}",
  "lambdaLog": "\\n{\"errorMessage\":\"2025-04-04T04:54:29.578Z a6e35a70-453a-41b9-a7a0-7cfb6e22a39e Task timed out after 1.16 seconds\"}",
  "timestamp": 7600
}
{
  "sandboxLog": "\\n{\"errorMessage\":\"2025-04-04T04:54:30.697Z 2e40901b-b20f-4e52-a881-bcb9f5399794 Task timed out after 1.06 seconds\"}",
  "lambdaLog": "\\n{\"errorMessage\":\"2025-04-04T04:54:30.697Z 2e40901b-b20f-4e52-a881-bcb9f5399794 Task timed out after 1.06 seconds\"}",
  "timestamp": 7700
}
{
  "sandboxLog": "\\n{\"errorMessage\":\"2025-04-04T04:54:31.757Z d339c1f0-46a9-4909-a108-2cf50352e2f3 Task timed out after 1.02 seconds\"}",
  "lambdaLog": "\\n{\"errorMessage\":\"2025-04-04T04:54:31.757Z d339c1f0-46a9-4909-a108-2cf50352e2f3 Task timed out after 1.02 seconds\"}",
  "timestamp": 7800
}
{
  "sandboxLog": "\\n{\"errorMessage\":\"2025-04-04T04:54:32.838Z 2bb4df62-28ec-4de8-8a7c-5933a97bfe77 Task timed out after 1.02 seconds\"}",
  "lambdaLog": "\\n{\"errorMessage\":\"2025-04-04T04:54:32.838Z 2bb4df62-28ec-4de8-8a7c-5933a97bfe77 Task timed out after 1.02 seconds\"}",
  "timestamp": 7900
}
{
  "sandboxLog": "\\n{\"errorMessage\":\"2025-04-04T04:54:33.997Z 24cf5782-4e40-4c88-b59d-e10c8a0b1242 Task timed out after 1.10 seconds\"}",
  "lambdaLog": "\\n{\"errorMessage\":\"2025-04-04T04:54:33.997Z 24cf5782-4e40-4c88-b59d-e10c8a0b1242 Task timed out after 1.10 seconds\"}",
  "timestamp": 8000
}
{
  "sandboxLog": "\\n{\"errorMessage\":\"2025-04-04T04:54:35.456Z 66824480-4327-4869-b401-8e21433ff550 Task timed out after 1.42 seconds\"}",
  "lambdaLog": "\\n{\"errorMessage\":\"2025-04-04T04:54:35.456Z 66824480-4327-4869-b401-8e21433ff550 Task timed out after 1.42 seconds\"}",
  "timestamp": 8100
}
{
  "sandboxLog": "\\n{\"errorMessage\":\"2025-04-04T04:54:36.537Z 06fd79ec-eb7c-4511-b0a3-597c7557dd85 Task timed out after 1.04 seconds\"}",
  "lambdaLog": "\\n{\"errorMessage\":\"2025-04-04T04:54:36.537Z 06fd79ec-eb7c-4511-b0a3-597c7557dd85 Task timed out after 1.04 seconds\"}",
  "timestamp": 8200
}
{
  "sandboxLog": "\\n{\"errorMessage\":\"2025-04-04T04:54:37.597Z f5f8e391-6bed-41ed-93fb-3594f4ecd4ea Task timed out after 1.02 seconds\"}",
  "lambdaLog": "\\n{\"errorMessage\":\"2025-04-04T04:54:37.597Z f5f8e391-6bed-41ed-93fb-3594f4ecd4ea Task timed out after 1.02 seconds\"}",
  "timestamp": 8300
}
{
  "sandboxLog": "\\n{\"errorMessage\":\"2025-04-04T04:54:38.697Z 06e1d780-2a29-4cd4-8f1b-a870d754947e Task timed out after 1.04 seconds\"}",
  "lambdaLog": "\\n{\"errorMessage\":\"2025-04-04T04:54:38.697Z 06e1d780-2a29-4cd4-8f1b-a870d754947e Task timed out after 1.04 seconds\"}",
  "timestamp": 8400
}
{
  "sandboxLog": "\\n{\"errorMessage\":\"2025-04-04T04:54:39.778Z 15559bdf-2915-4de4-9a25-c2df8b5d2bb5 Task timed out after 1.05 seconds\"}",
  "lambdaLog": "\\n{\"errorMessage\":\"2025-04-04T04:54:39.778Z 15559bdf-2915-4de4-9a25-c2df8b5d2bb5 Task timed out after 1.05 seconds\"}",
  "timestamp": 8500
}
{
  "sandboxLog": "\\n{\"errorMessage\":\"2025-04-04T04:54:40.877Z 6b572c1d-f23b-4a38-a75c-cb0203ff08ca Task timed out after 1.04 seconds\"}",
  "lambdaLog": "\\n{\"errorMessage\":\"2025-04-04T04:54:40.877Z 6b572c1d-f23b-4a38-a75c-cb0203ff08ca Task timed out after 1.04 seconds\"}",
  "timestamp": 8600
}
{
  "sandboxLog": "\\n{\"errorMessage\":\"2025-04-04T04:54:41.937Z 1fc822ba-c6bc-44e5-82e1-da0e94477ce9 Task timed out after 1.04 seconds\"}",
  "lambdaLog": "\\n{\"errorMessage\":\"2025-04-04T04:54:41.937Z 1fc822ba-c6bc-44e5-82e1-da0e94477ce9 Task timed out after 1.04 seconds\"}",
  "timestamp": 8700
}
{
  "sandboxLog": "\\n{\"errorMessage\":\"2025-04-04T04:54:43.037Z c5f96c05-6c2f-4ab7-8d79-45f0e66760b6 Task timed out after 1.04 seconds\"}",
  "lambdaLog": "\\n{\"errorMessage\":\"2025-04-04T04:54:43.037Z c5f96c05-6c2f-4ab7-8d79-45f0e66760b6 Task timed out after 1.04 seconds\"}",
  "timestamp": 8800
}
{
  "sandboxLog": "\\n{\"errorMessage\":\"2025-04-04T04:54:44.157Z d217ad39-730f-49ca-9e80-56ee7e86f75f Task timed out after 1.07 seconds\"}",
  "lambdaLog": "\\n{\"errorMessage\":\"2025-04-04T04:54:44.157Z d217ad39-730f-49ca-9e80-56ee7e86f75f Task timed out after 1.07 seconds\"}",
  "timestamp": 8900
}
{
  "sandboxLog": "\\n{\"errorMessage\":\"2025-04-04T04:54:45.238Z 589448f0-709a-4d96-b2af-cb9b6bb746cd Task timed out after 1.04 seconds\"}",
  "lambdaLog": "\\n{\"errorMessage\":\"2025-04-04T04:54:45.238Z 589448f0-709a-4d96-b2af-cb9b6bb746cd Task timed out after 1.04 seconds\"}",
  "timestamp": 9000
}
{
  "sandboxLog": "\\n{\"errorMessage\":\"2025-04-04T04:54:46.317Z cc5fdea6-273e-4933-a1bd-78f3d08f5c8e Task timed out after 1.04 seconds\"}",
  "lambdaLog": "\\n{\"errorMessage\":\"2025-04-04T04:54:46.317Z cc5fdea6-273e-4933-a1bd-78f3d08f5c8e Task timed out after 1.04 seconds\"}",
  "timestamp": 9100
}
{
  "sandboxLog": "\\n{\"errorMessage\":\"2025-04-04T04:54:47.378Z 765e87c0-2a87-42df-80d1-c41fdde8fb91 Task timed out after 1.02 seconds\"}",
  "lambdaLog": "\\n{\"errorMessage\":\"2025-04-04T04:54:47.378Z 765e87c0-2a87-42df-80d1-c41fdde8fb91 Task timed out after 1.02 seconds\"}",
  "timestamp": 9200
}
{
  "sandboxLog": "\\n{\"errorMessage\":\"2025-04-04T04:54:48.538Z ea726001-dbd3-4188-b601-091491797a7f Task timed out after 1.10 seconds\"}",
  "lambdaLog": "\\n{\"errorMessage\":\"2025-04-04T04:54:48.538Z ea726001-dbd3-4188-b601-091491797a7f Task timed out after 1.10 seconds\"}",
  "timestamp": 9300
}
{
  "sandboxLog": "\\n{\"errorMessage\":\"2025-04-04T04:54:49.638Z 78f4213b-9fe2-4135-97ed-0c2aba63c31f Task timed out after 1.04 seconds\"}",
  "lambdaLog": "\\n{\"errorMessage\":\"2025-04-04T04:54:49.638Z 78f4213b-9fe2-4135-97ed-0c2aba63c31f Task timed out after 1.04 seconds\"}",
  "timestamp": 9400
}
{
  "sandboxLog": "\\n{\"errorMessage\":\"2025-04-04T04:54:50.718Z 4710ef36-b32b-41d2-ac70-a585a60b9d73 Task timed out after 1.02 seconds\"}",
  "lambdaLog": "\\n{\"errorMessage\":\"2025-04-04T04:54:50.718Z 4710ef36-b32b-41d2-ac70-a585a60b9d73 Task timed out after 1.02 seconds\"}",
  "timestamp": 9500
}
{
  "sandboxLog": "\\n{\"errorMessage\":\"2025-04-04T04:54:51.957Z 73184722-b7d1-43b2-b239-d3a8c3bb8436 Task timed out after 1.20 seconds\"}",
  "lambdaLog": "\\n{\"errorMessage\":\"2025-04-04T04:54:51.957Z 73184722-b7d1-43b2-b239-d3a8c3bb8436 Task timed out after 1.20 seconds\"}",
  "timestamp": 9600
}
{
  "sandboxLog": "\\n{\"errorMessage\":\"2025-04-04T04:54:53.098Z 817309d2-f577-421f-ba43-7cb4c609fce7 Task timed out after 1.10 seconds\"}",
  "lambdaLog": "\\n{\"errorMessage\":\"2025-04-04T04:54:53.098Z 817309d2-f577-421f-ba43-7cb4c609fce7 Task timed out after 1.10 seconds\"}",
  "timestamp": 9700
}
{
  "sandboxLog": "\\n{\"errorMessage\":\"2025-04-04T04:54:54.257Z 55a9e56c-6c81-4d97-b677-8f8887c9b747 Task timed out after 1.10 seconds\"}",
  "lambdaLog": "\\n{\"errorMessage\":\"2025-04-04T04:54:54.257Z 55a9e56c-6c81-4d97-b677-8f8887c9b747 Task timed out after 1.10 seconds\"}",
  "timestamp": 9800
}
{
  "sandboxLog": "\\n{\"errorMessage\":\"2025-04-04T04:54:55.457Z 651806ad-ad90-494e-b44f-1f32d54cf2ee Task timed out after 1.14 seconds\"}",
  "lambdaLog": "\\n{\"errorMessage\":\"2025-04-04T04:54:55.457Z 651806ad-ad90-494e-b44f-1f32d54cf2ee Task timed out after 1.14 seconds\"}",
  "timestamp": 9900
}
{
  "sandboxLog": "\\n{\"errorMessage\":\"2025-04-04T04:54:56.577Z c133728b-bb3d-48d6-9238-69dc13290730 Task timed out after 1.08 seconds\"}",
  "lambdaLog": "\\n{\"errorMessage\":\"2025-04-04T04:54:56.577Z c133728b-bb3d-48d6-9238-69dc13290730 Task timed out after 1.08 seconds\"}",
  "timestamp": 10000
}
{
  "sandboxLog": "\\n{\"errorMessage\":\"2025-04-04T04:54:58.178Z ca48b84a-1966-4810-8d95-af5f8fd7e096 Task timed out after 1.56 seconds\"}",
  "lambdaLog": "\\n{\"errorMessage\":\"2025-04-04T04:54:58.178Z ca48b84a-1966-4810-8d95-af5f8fd7e096 Task timed out after 1.56 seconds\"}",
  "timestamp": 10100
}
{
  "sandboxLog": "\\n{\"errorMessage\":\"2025-04-04T04:54:59.277Z 545da6c5-c585-4bdb-b8f6-df1fe76262b7 Task timed out after 1.04 seconds\"}",
  "lambdaLog": "\\n{\"errorMessage\":\"2025-04-04T04:54:59.277Z 545da6c5-c585-4bdb-b8f6-df1fe76262b7 Task timed out after 1.04 seconds\"}",
  "timestamp": 10200
}
{
  "sandboxLog": "\\n{\"errorMessage\":\"2025-04-04T04:55:00.377Z c39621cf-1348-4e31-a726-2aaf1aa45c75 Task timed out after 1.06 seconds\"}",
  "lambdaLog": "\\n{\"errorMessage\":\"2025-04-04T04:55:00.377Z c39621cf-1348-4e31-a726-2aaf1aa45c75 Task timed out after 1.06 seconds\"}",
  "timestamp": 10300
}
{
  "sandboxLog": "\\n{\"errorMessage\":\"2025-04-04T04:55:01.438Z 2ef97a93-0173-4b41-99e8-9180f78087bf Task timed out after 1.04 seconds\"}",
  "lambdaLog": "\\n{\"errorMessage\":\"2025-04-04T04:55:01.438Z 2ef97a93-0173-4b41-99e8-9180f78087bf Task timed out after 1.04 seconds\"}",
  "timestamp": 10400
}
{
  "sandboxLog": "\\n{\"errorMessage\":\"2025-04-04T04:55:02.518Z 43b217c3-07ed-490a-bf9b-e28d1ba9fe9a Task timed out after 1.04 seconds\"}",
  "lambdaLog": "\\n{\"errorMessage\":\"2025-04-04T04:55:02.518Z 43b217c3-07ed-490a-bf9b-e28d1ba9fe9a Task timed out after 1.04 seconds\"}",
  "timestamp": 10500
}
{
  "sandboxLog": "\\n{\"errorMessage\":\"2025-04-04T04:55:03.758Z ed0e7883-c635-4958-bff5-946bcb7f501c Task timed out after 1.17 seconds\"}",
  "lambdaLog": "\\n{\"errorMessage\":\"2025-04-04T04:55:03.758Z ed0e7883-c635-4958-bff5-946bcb7f501c Task timed out after 1.17 seconds\"}",
  "timestamp": 10600
}
{
  "sandboxLog": "\\n{\"errorMessage\":\"2025-04-04T04:55:05.037Z bc299384-95b5-410a-8759-bcbbb6560993 Task timed out after 1.24 seconds\"}",
  "lambdaLog": "\\n{\"errorMessage\":\"2025-04-04T04:55:05.037Z bc299384-95b5-410a-8759-bcbbb6560993 Task timed out after 1.24 seconds\"}",
  "timestamp": 10700
}
{
  "sandboxLog": "\\n{\"errorMessage\":\"2025-04-04T04:55:06.117Z 7283cacc-a2b2-4814-b9c5-c1ad60cc9e30 Task timed out after 1.04 seconds\"}",
  "lambdaLog": "\\n{\"errorMessage\":\"2025-04-04T04:55:06.117Z 7283cacc-a2b2-4814-b9c5-c1ad60cc9e30 Task timed out after 1.04 seconds\"}",
  "timestamp": 10800
}
{
  "sandboxLog": "\\n{\"errorMessage\":\"2025-04-04T04:55:07.157Z 6a94883b-3f82-487b-9d7a-747f446f7e39 Task timed out after 1.00 seconds\"}",
  "lambdaLog": "\\n{\"errorMessage\":\"2025-04-04T04:55:07.157Z 6a94883b-3f82-487b-9d7a-747f446f7e39 Task timed out after 1.00 seconds\"}",
  "timestamp": 10900
}
{
  "sandboxLog": "\\n{\"errorMessage\":\"2025-04-04T04:55:08.237Z 07633a55-ed10-475a-bea2-8c71a294711e Task timed out after 1.04 seconds\"}",
  "lambdaLog": "\\n{\"errorMessage\":\"2025-04-04T04:55:08.237Z 07633a55-ed10-475a-bea2-8c71a294711e Task timed out after 1.04 seconds\"}",
  "timestamp": 11000
}
{
  "sandboxLog": "\\n{\"errorMessage\":\"2025-04-04T04:55:09.337Z 5afdb25e-39c8-49bf-9c40-5a98a964b1dd Task timed out after 1.06 seconds\"}",
  "lambdaLog": "\\n{\"errorMessage\":\"2025-04-04T04:55:09.337Z 5afdb25e-39c8-49bf-9c40-5a98a964b1dd Task timed out after 1.06 seconds\"}",
  "timestamp": 11100
}
{
  "sandboxLog": "\\n{\"errorMessage\":\"2025-04-04T04:55:10.496Z 9b5f42c8-7455-4115-b371-96ee92e69096 Task timed out after 1.12 seconds\"}",
  "lambdaLog": "\\n{\"errorMessage\":\"2025-04-04T04:55:10.496Z 9b5f42c8-7455-4115-b371-96ee92e69096 Task timed out after 1.12 seconds\"}",
  "timestamp": 11200
}
{
  "sandboxLog": "\\n{\"errorMessage\":\"2025-04-04T04:55:11.958Z fbcaa613-c51e-4f91-9cbb-1bd9ce5ea445 Task timed out after 1.42 seconds\"}",
  "lambdaLog": "\\n{\"errorMessage\":\"2025-04-04T04:55:11.958Z fbcaa613-c51e-4f91-9cbb-1bd9ce5ea445 Task timed out after 1.42 seconds\"}",
  "timestamp": 11300
}
{
  "sandboxLog": "\\n{\"errorMessage\":\"2025-04-04T04:55:13.037Z f5ce7751-9185-49bb-a29f-d9f84767cac5 Task timed out after 1.02 seconds\"}",
  "lambdaLog": "\\n{\"errorMessage\":\"2025-04-04T04:55:13.037Z f5ce7751-9185-49bb-a29f-d9f84767cac5 Task timed out after 1.02 seconds\"}",
  "timestamp": 11400
}
{
  "sandboxLog": "[ERROR] Runtime.ImportModuleError: Unable to import module 'app': No module named 'logger'\\n{\"errorMessage\":\"2025-04-04T04:55:14.797Z bffe4325-d355-40ef-8188-bdc8f12fcc53 Task timed out after 1.05 seconds\"}",
  "lambdaLog": "[ERROR] Runtime.ImportModuleError: Unable to import module 'app': No module named 'logger'\\n{\"errorMessage\":\"2025-04-04T04:55:14.797Z bffe4325-d355-40ef-8188-bdc8f12fcc53 Task timed out after 1.05 seconds\"}",
  "timestamp": 11500
}
{
  "sandboxLog": "\\n{\"errorMessage\":\"2025-04-04T04:55:15.876Z 5caec3e3-20b4-41a1-bcab-84189e6a423c Task timed out after 1.04 seconds\"}",
  "lambdaLog": "\\n{\"errorMessage\":\"2025-04-04T04:55:15.876Z 5caec3e3-20b4-41a1-bcab-84189e6a423c Task timed out after 1.04 seconds\"}",
  "timestamp": 11600
}
{
  "sandboxLog": "\\n{\"errorMessage\":\"2025-04-04T04:55:16.957Z 7ffccbd6-7019-43f3-9092-d8f418bad94e Task timed out after 1.04 seconds\"}",
  "lambdaLog": "\\n{\"errorMessage\":\"2025-04-04T04:55:16.957Z 7ffccbd6-7019-43f3-9092-d8f418bad94e Task timed out after 1.04 seconds\"}",
  "timestamp": 11700
}
{
  "sandboxLog": "\\n{\"errorMessage\":\"2025-04-04T04:55:18.097Z 4f053bbc-a4be-40b1-b5e6-ef80e53fb7b5 Task timed out after 1.08 seconds\"}",
  "lambdaLog": "\\n{\"errorMessage\":\"2025-04-04T04:55:18.097Z 4f053bbc-a4be-40b1-b5e6-ef80e53fb7b5 Task timed out after 1.08 seconds\"}",
  "timestamp": 11800
}
{
  "sandboxLog": "\\n{\"errorMessage\":\"2025-04-04T04:55:19.177Z 060e6033-cc76-4f92-8a87-f9e5d579dad4 Task timed out after 1.03 seconds\"}",
  "lambdaLog": "\\n{\"errorMessage\":\"2025-04-04T04:55:19.177Z 060e6033-cc76-4f92-8a87-f9e5d579dad4 Task timed out after 1.03 seconds\"}",
  "timestamp": 11900
}
{
  "sandboxLog": "\\n{\"errorMessage\":\"2025-04-04T04:55:20.358Z 78f6b379-e9e4-4f7a-a004-a9d530cf33da Task timed out after 1.11 seconds\"}",
  "lambdaLog": "\\n{\"errorMessage\":\"2025-04-04T04:55:20.358Z 78f6b379-e9e4-4f7a-a004-a9d530cf33da Task timed out after 1.11 seconds\"}",
  "timestamp": 12000
}
{
  "sandboxLog": "\\n{\"errorMessage\":\"2025-04-04T04:55:21.456Z 4ab04934-0699-4ed6-a6b1-bc798aeeb3b1 Task timed out after 1.04 seconds\"}",
  "lambdaLog": "\\n{\"errorMessage\":\"2025-04-04T04:55:21.456Z 4ab04934-0699-4ed6-a6b1-bc798aeeb3b1 Task timed out after 1.04 seconds\"}",
  "timestamp": 12100
}
{
  "sandboxLog": "\\n{\"errorMessage\":\"2025-04-04T04:55:22.517Z 30bf2b12-769b-4b03-9529-1f43905b6f82 Task timed out after 1.04 seconds\"}",
  "lambdaLog": "\\n{\"errorMessage\":\"2025-04-04T04:55:22.517Z 30bf2b12-769b-4b03-9529-1f43905b6f82 Task timed out after 1.04 seconds\"}",
  "timestamp": 12200
}
{
  "sandboxLog": "\\n{\"errorMessage\":\"2025-04-04T04:55:23.596Z c39c9797-543d-44bb-9dc6-8f7ae676c74a Task timed out after 1.02 seconds\"}",
  "lambdaLog": "\\n{\"errorMessage\":\"2025-04-04T04:55:23.596Z c39c9797-543d-44bb-9dc6-8f7ae676c74a Task timed out after 1.02 seconds\"}",
  "timestamp": 12300
}
{
  "sandboxLog": "\\n{\"errorMessage\":\"2025-04-04T04:55:24.697Z 2f09b099-a76b-4595-91ef-b1582e7b2838 Task timed out after 1.06 seconds\"}",
  "lambdaLog": "\\n{\"errorMessage\":\"2025-04-04T04:55:24.697Z 2f09b099-a76b-4595-91ef-b1582e7b2838 Task timed out after 1.06 seconds\"}",
  "timestamp": 12400
}
{
  "sandboxLog": "\\n{\"errorMessage\":\"2025-04-04T04:55:25.777Z 1c899e5e-b252-46a2-8740-c1727b88a1a3 Task timed out after 1.04 seconds\"}",
  "lambdaLog": "\\n{\"errorMessage\":\"2025-04-04T04:55:25.777Z 1c899e5e-b252-46a2-8740-c1727b88a1a3 Task timed out after 1.04 seconds\"}",
  "timestamp": 12500
}
{
  "sandboxLog": "\\n{\"errorMessage\":\"2025-04-04T04:55:26.917Z 0040511d-42b0-4c50-9a5e-092c1cc8d872 Task timed out after 1.10 seconds\"}",
  "lambdaLog": "\\n{\"errorMessage\":\"2025-04-04T04:55:26.917Z 0040511d-42b0-4c50-9a5e-092c1cc8d872 Task timed out after 1.10 seconds\"}",
  "timestamp": 12600
}
{
  "sandboxLog": "\\n{\"errorMessage\":\"2025-04-04T04:55:28.037Z 4e4825c3-b0bf-4516-a0ea-2c67f8729180 Task timed out after 1.06 seconds\"}",
  "lambdaLog": "\\n{\"errorMessage\":\"2025-04-04T04:55:28.037Z 4e4825c3-b0bf-4516-a0ea-2c67f8729180 Task timed out after 1.06 seconds\"}",
  "timestamp": 12700
}
{
  "sandboxLog": "\\n{\"errorMessage\":\"2025-04-04T04:55:29.116Z 0c5e119c-6e7c-4388-a845-74b7269dddb6 Task timed out after 1.04 seconds\"}",
  "lambdaLog": "\\n{\"errorMessage\":\"2025-04-04T04:55:29.116Z 0c5e119c-6e7c-4388-a845-74b7269dddb6 Task timed out after 1.04 seconds\"}",
  "timestamp": 12800
}
{
  "sandboxLog": "\\n{\"errorMessage\":\"2025-04-04T04:55:30.236Z b654540f-abe1-4e74-9e52-2d7153a26d5a Task timed out after 1.08 seconds\"}",
  "lambdaLog": "\\n{\"errorMessage\":\"2025-04-04T04:55:30.236Z b654540f-abe1-4e74-9e52-2d7153a26d5a Task timed out after 1.08 seconds\"}",
  "timestamp": 12900
}
{
  "sandboxLog": "\\n{\"errorMessage\":\"2025-04-04T04:55:31.316Z f46c211d-1df3-43a1-baf5-1d38c99728cb Task timed out after 1.06 seconds\"}",
  "lambdaLog": "\\n{\"errorMessage\":\"2025-04-04T04:55:31.316Z f46c211d-1df3-43a1-baf5-1d38c99728cb Task timed out after 1.06 seconds\"}",
  "timestamp": 13000
}
{
  "sandboxLog": "\\n{\"errorMessage\":\"2025-04-04T04:55:32.416Z a5cc0ee0-82d9-4b56-8756-b187e5c4f63c Task timed out after 1.06 seconds\"}",
  "lambdaLog": "\\n{\"errorMessage\":\"2025-04-04T04:55:32.416Z a5cc0ee0-82d9-4b56-8756-b187e5c4f63c Task timed out after 1.06 seconds\"}",
  "timestamp": 13100
}
{
  "sandboxLog": "\\n{\"errorMessage\":\"2025-04-04T04:55:33.496Z 69116a92-69eb-4fb6-b878-47e4ab9da7ce Task timed out after 1.06 seconds\"}",
  "lambdaLog": "\\n{\"errorMessage\":\"2025-04-04T04:55:33.496Z 69116a92-69eb-4fb6-b878-47e4ab9da7ce Task timed out after 1.06 seconds\"}",
  "timestamp": 13200
}
{
  "sandboxLog": "\\n{\"errorMessage\":\"2025-04-04T04:55:34.578Z 5b1e3c19-90c5-476f-8b03-6573c0d1ac79 Task timed out after 1.04 seconds\"}",
  "lambdaLog": "\\n{\"errorMessage\":\"2025-04-04T04:55:34.578Z 5b1e3c19-90c5-476f-8b03-6573c0d1ac79 Task timed out after 1.04 seconds\"}",
  "timestamp": 13300
}
{
  "sandboxLog": "\\n{\"errorMessage\":\"2025-04-04T04:55:35.678Z 3ddb86bf-4c08-4d87-b42f-16ceb583eb6b Task timed out after 1.04 seconds\"}",
  "lambdaLog": "\\n{\"errorMessage\":\"2025-04-04T04:55:35.678Z 3ddb86bf-4c08-4d87-b42f-16ceb583eb6b Task timed out after 1.04 seconds\"}",
  "timestamp": 13400
}
{
  "sandboxLog": "\\n{\"errorMessage\":\"2025-04-04T04:55:36.778Z 00d5067e-98bc-42e3-9a68-035183b91848 Task timed out after 1.04 seconds\"}",
  "lambdaLog": "\\n{\"errorMessage\":\"2025-04-04T04:55:36.778Z 00d5067e-98bc-42e3-9a68-035183b91848 Task timed out after 1.04 seconds\"}",
  "timestamp": 13500
}
{
  "sandboxLog": "\\n{\"errorMessage\":\"2025-04-04T04:55:37.916Z 84483856-fad1-450e-9ba2-225629b0c745 Task timed out after 1.08 seconds\"}",
  "lambdaLog": "\\n{\"errorMessage\":\"2025-04-04T04:55:37.916Z 84483856-fad1-450e-9ba2-225629b0c745 Task timed out after 1.08 seconds\"}",
  "timestamp": 13600
}
{
  "sandboxLog": "\\n{\"errorMessage\":\"2025-04-04T04:55:39.016Z f7ef83d8-e5ee-4e6e-a130-85c06bed3117 Task timed out after 1.08 seconds\"}",
  "lambdaLog": "\\n{\"errorMessage\":\"2025-04-04T04:55:39.016Z f7ef83d8-e5ee-4e6e-a130-85c06bed3117 Task timed out after 1.08 seconds\"}",
  "timestamp": 13700
}
{
  "sandboxLog": "\\n{\"errorMessage\":\"2025-04-04T04:55:40.136Z 1ae02f7d-066d-4a4e-aeec-a7c744efb7c2 Task timed out after 1.06 seconds\"}",
  "lambdaLog": "\\n{\"errorMessage\":\"2025-04-04T04:55:40.136Z 1ae02f7d-066d-4a4e-aeec-a7c744efb7c2 Task timed out after 1.06 seconds\"}",
  "timestamp": 13800
}
{
  "sandboxLog": "\\n{\"errorMessage\":\"2025-04-04T04:55:41.237Z f7b630da-aa8b-4045-9e48-75833a90c28e Task timed out after 1.06 seconds\"}",
  "lambdaLog": "\\n{\"errorMessage\":\"2025-04-04T04:55:41.237Z f7b630da-aa8b-4045-9e48-75833a90c28e Task timed out after 1.06 seconds\"}",
  "timestamp": 13900
}
{
  "sandboxLog": "\\n{\"errorMessage\":\"2025-04-04T04:55:42.396Z fe6967be-0a30-443e-bb31-0b57012185bc Task timed out after 1.12 seconds\"}",
  "lambdaLog": "\\n{\"errorMessage\":\"2025-04-04T04:55:42.396Z fe6967be-0a30-443e-bb31-0b57012185bc Task timed out after 1.12 seconds\"}",
  "timestamp": 14000
}
{
  "sandboxLog": "\\n{\"errorMessage\":\"2025-04-04T04:55:43.557Z 6a2c8501-cd5c-4493-86f8-4cdd1b7571e5 Task timed out after 1.12 seconds\"}",
  "lambdaLog": "\\n{\"errorMessage\":\"2025-04-04T04:55:43.557Z 6a2c8501-cd5c-4493-86f8-4cdd1b7571e5 Task timed out after 1.12 seconds\"}",
  "timestamp": 14100
}
{
  "sandboxLog": "\\n{\"errorMessage\":\"2025-04-04T04:55:44.736Z f45e5d0e-19d0-40da-a4ba-f2e43e44a283 Task timed out after 1.14 seconds\"}",
  "lambdaLog": "\\n{\"errorMessage\":\"2025-04-04T04:55:44.736Z f45e5d0e-19d0-40da-a4ba-f2e43e44a283 Task timed out after 1.14 seconds\"}",
  "timestamp": 14200
}
{
  "sandboxLog": "\\n{\"errorMessage\":\"2025-04-04T04:55:45.818Z d40197c7-673a-45bd-a9e3-b091239fb4db Task timed out after 1.04 seconds\"}",
  "lambdaLog": "\\n{\"errorMessage\":\"2025-04-04T04:55:45.818Z d40197c7-673a-45bd-a9e3-b091239fb4db Task timed out after 1.04 seconds\"}",
  "timestamp": 14300
}
{
  "sandboxLog": "\\n{\"errorMessage\":\"2025-04-04T04:55:46.897Z eade6eb8-ccfc-4c4b-98d5-194c8de41d43 Task timed out after 1.04 seconds\"}",
  "lambdaLog": "\\n{\"errorMessage\":\"2025-04-04T04:55:46.897Z eade6eb8-ccfc-4c4b-98d5-194c8de41d43 Task timed out after 1.04 seconds\"}",
  "timestamp": 14400
}
{
  "sandboxLog": "\\n{\"errorMessage\":\"2025-04-04T04:55:47.996Z 8b8c9dd2-e371-4a6e-b1f3-894c2aa67b1c Task timed out after 1.06 seconds\"}",
  "lambdaLog": "\\n{\"errorMessage\":\"2025-04-04T04:55:47.996Z 8b8c9dd2-e371-4a6e-b1f3-894c2aa67b1c Task timed out after 1.06 seconds\"}",
  "timestamp": 14500
}
{
  "sandboxLog": "\\n{\"errorMessage\":\"2025-04-04T04:55:49.076Z 0c10ee52-8065-4834-a50c-3a0baab54cb9 Task timed out after 1.04 seconds\"}",
  "lambdaLog": "\\n{\"errorMessage\":\"2025-04-04T04:55:49.076Z 0c10ee52-8065-4834-a50c-3a0baab54cb9 Task timed out after 1.04 seconds\"}",
  "timestamp": 14600
}
{
  "sandboxLog": "\\n{\"errorMessage\":\"2025-04-04T04:55:50.157Z 6d96ee21-e544-4450-8a00-3430cde112dc Task timed out after 1.04 seconds\"}",
  "lambdaLog": "\\n{\"errorMessage\":\"2025-04-04T04:55:50.157Z 6d96ee21-e544-4450-8a00-3430cde112dc Task timed out after 1.04 seconds\"}",
  "timestamp": 14700
}
{
  "sandboxLog": "\\n{\"errorMessage\":\"2025-04-04T04:55:51.277Z 0a40d4e0-42d8-4314-9c90-b256c58757a3 Task timed out after 1.06 seconds\"}",
  "lambdaLog": "\\n{\"errorMessage\":\"2025-04-04T04:55:51.277Z 0a40d4e0-42d8-4314-9c90-b256c58757a3 Task timed out after 1.06 seconds\"}",
  "timestamp": 14800
}
{
  "sandboxLog": "\\n{\"errorMessage\":\"2025-04-04T04:55:52.397Z 2579723c-90a2-4077-8776-7cc4a41200c1 Task timed out after 1.08 seconds\"}",
  "lambdaLog": "\\n{\"errorMessage\":\"2025-04-04T04:55:52.397Z 2579723c-90a2-4077-8776-7cc4a41200c1 Task timed out after 1.08 seconds\"}",
  "timestamp": 14900
}
{
  "sandboxLog": "\\n{\"errorMessage\":\"2025-04-04T04:55:53.677Z fcd7cf80-31f9-421c-b1c2-2271a3955b1f Task timed out after 1.24 seconds\"}",
  "lambdaLog": "\\n{\"errorMessage\":\"2025-04-04T04:55:53.677Z fcd7cf80-31f9-421c-b1c2-2271a3955b1f Task timed out after 1.24 seconds\"}",
  "timestamp": 15000
}
{
  "sandboxLog": "\\n{\"errorMessage\":\"2025-04-04T04:55:54.838Z 594a2d8f-8276-4fdc-8362-5c00c6103781 Task timed out after 1.11 seconds\"}",
  "lambdaLog": "\\n{\"errorMessage\":\"2025-04-04T04:55:54.838Z 594a2d8f-8276-4fdc-8362-5c00c6103781 Task timed out after 1.11 seconds\"}",
  "timestamp": 15100
}
{
  "sandboxLog": "\\n{\"errorMessage\":\"2025-04-04T04:55:56.017Z 78aec7cd-b453-45f5-b189-dd53a83fe008 Task timed out after 1.12 seconds\"}",
  "lambdaLog": "\\n{\"errorMessage\":\"2025-04-04T04:55:56.017Z 78aec7cd-b453-45f5-b189-dd53a83fe008 Task timed out after 1.12 seconds\"}",
  "timestamp": 15200
}
{
  "sandboxLog": "\\n{\"errorMessage\":\"2025-04-04T04:55:57.097Z f0121b0d-ce99-45ef-b527-b51698ea4c5e Task timed out after 1.04 seconds\"}",
  "lambdaLog": "\\n{\"errorMessage\":\"2025-04-04T04:55:57.097Z f0121b0d-ce99-45ef-b527-b51698ea4c5e Task timed out after 1.04 seconds\"}",
  "timestamp": 15300
}
{
  "sandboxLog": "\\n{\"errorMessage\":\"2025-04-04T04:55:58.178Z 040e2127-7770-4913-b34d-a41f5223aa27 Task timed out after 1.02 seconds\"}",
  "lambdaLog": "\\n{\"errorMessage\":\"2025-04-04T04:55:58.178Z 040e2127-7770-4913-b34d-a41f5223aa27 Task timed out after 1.02 seconds\"}",
  "timestamp": 15400
}
{
  "sandboxLog": "\\n{\"errorMessage\":\"2025-04-04T04:55:59.716Z 08d406b7-d54e-460f-a7ea-a017a34ad0e6 Task timed out after 1.48 seconds\"}",
  "lambdaLog": "\\n{\"errorMessage\":\"2025-04-04T04:55:59.716Z 08d406b7-d54e-460f-a7ea-a017a34ad0e6 Task timed out after 1.48 seconds\"}",
  "timestamp": 15500
}
{
  "sandboxLog": "\\n{\"errorMessage\":\"2025-04-04T04:56:00.816Z 70db3b18-e970-49cc-b846-28cb238c4170 Task timed out after 1.06 seconds\"}",
  "lambdaLog": "\\n{\"errorMessage\":\"2025-04-04T04:56:00.816Z 70db3b18-e970-49cc-b846-28cb238c4170 Task timed out after 1.06 seconds\"}",
  "timestamp": 15600
}
{
  "sandboxLog": "\\n{\"errorMessage\":\"2025-04-04T04:56:02.157Z 7da390aa-c0de-43e8-a8eb-9538bc8332de Task timed out after 1.30 seconds\"}",
  "lambdaLog": "\\n{\"errorMessage\":\"2025-04-04T04:56:02.157Z 7da390aa-c0de-43e8-a8eb-9538bc8332de Task timed out after 1.30 seconds\"}",
  "timestamp": 15700
}
{
  "sandboxLog": "\\n{\"errorMessage\":\"2025-04-04T04:56:03.257Z 55202db0-e8be-4f86-a2e1-83c6574e70d1 Task timed out after 1.06 seconds\"}",
  "lambdaLog": "\\n{\"errorMessage\":\"2025-04-04T04:56:03.257Z 55202db0-e8be-4f86-a2e1-83c6574e70d1 Task timed out after 1.06 seconds\"}",
  "timestamp": 15800
}
{
  "sandboxLog": "\\n{\"errorMessage\":\"2025-04-04T04:56:04.376Z afc463f7-a7fe-4c9a-93b0-24ca0751ef9a Task timed out after 1.06 seconds\"}",
  "lambdaLog": "\\n{\"errorMessage\":\"2025-04-04T04:56:04.376Z afc463f7-a7fe-4c9a-93b0-24ca0751ef9a Task timed out after 1.06 seconds\"}",
  "timestamp": 15900
}
{
  "sandboxLog": "\\n{\"errorMessage\":\"2025-04-04T04:56:05.497Z 7e9f408e-affa-4d74-ba53-59e6e4a59ed8 Task timed out after 1.08 seconds\"}",
  "lambdaLog": "\\n{\"errorMessage\":\"2025-04-04T04:56:05.497Z 7e9f408e-affa-4d74-ba53-59e6e4a59ed8 Task timed out after 1.08 seconds\"}",
  "timestamp": 16000
}
{
  "sandboxLog": "\\n{\"errorMessage\":\"2025-04-04T04:56:06.657Z 214c0fc0-1928-4652-8abc-1c0980b46dd6 Task timed out after 1.12 seconds\"}",
  "lambdaLog": "\\n{\"errorMessage\":\"2025-04-04T04:56:06.657Z 214c0fc0-1928-4652-8abc-1c0980b46dd6 Task timed out after 1.12 seconds\"}",
  "timestamp": 16100
}
{
  "sandboxLog": "\\n{\"errorMessage\":\"2025-04-04T04:56:07.776Z 3953dc13-af04-4ddc-acae-55d7d92a97ae Task timed out after 1.06 seconds\"}",
  "lambdaLog": "\\n{\"errorMessage\":\"2025-04-04T04:56:07.776Z 3953dc13-af04-4ddc-acae-55d7d92a97ae Task timed out after 1.06 seconds\"}",
  "timestamp": 16200
}
{
  "sandboxLog": "\\n{\"errorMessage\":\"2025-04-04T04:56:08.937Z f6634d2f-2a62-43d5-9b92-6475df95d464 Task timed out after 1.12 seconds\"}",
  "lambdaLog": "\\n{\"errorMessage\":\"2025-04-04T04:56:08.937Z f6634d2f-2a62-43d5-9b92-6475df95d464 Task timed out after 1.12 seconds\"}",
  "timestamp": 16300
}
{
  "sandboxLog": "\\n{\"errorMessage\":\"2025-04-04T04:56:10.057Z 56fa84f3-bf96-4999-8a40-d4fe16458d56 Task timed out after 1.06 seconds\"}",
  "lambdaLog": "\\n{\"errorMessage\":\"2025-04-04T04:56:10.057Z 56fa84f3-bf96-4999-8a40-d4fe16458d56 Task timed out after 1.06 seconds\"}",
  "timestamp": 16400
}
{
  "sandboxLog": "\\n{\"errorMessage\":\"2025-04-04T04:56:11.097Z 31d7c9f3-c1f3-46a7-bc83-2d1eb73e827d Task timed out after 1.00 seconds\"}",
  "lambdaLog": "\\n{\"errorMessage\":\"2025-04-04T04:56:11.097Z 31d7c9f3-c1f3-46a7-bc83-2d1eb73e827d Task timed out after 1.00 seconds\"}",
  "timestamp": 16500
}
{
  "sandboxLog": "\\n{\"errorMessage\":\"2025-04-04T04:56:12.197Z ad8a2ce1-b0fc-44c7-ab3e-3bb254e538a6 Task timed out after 1.04 seconds\"}",
  "lambdaLog": "\\n{\"errorMessage\":\"2025-04-04T04:56:12.197Z ad8a2ce1-b0fc-44c7-ab3e-3bb254e538a6 Task timed out after 1.04 seconds\"}",
  "timestamp": 16600
}
{
  "sandboxLog": "\\n{\"errorMessage\":\"2025-04-04T04:56:13.298Z 9714ee6c-0bc7-4688-99d4-e82978bfa00c Task timed out after 1.04 seconds\"}",
  "lambdaLog": "\\n{\"errorMessage\":\"2025-04-04T04:56:13.298Z 9714ee6c-0bc7-4688-99d4-e82978bfa00c Task timed out after 1.04 seconds\"}",
  "timestamp": 16700
}
{
  "sandboxLog": "\\n{\"errorMessage\":\"2025-04-04T04:56:14.416Z 7b207ed1-eac7-44df-a54e-799701235d8a Task timed out after 1.06 seconds\"}",
  "lambdaLog": "\\n{\"errorMessage\":\"2025-04-04T04:56:14.416Z 7b207ed1-eac7-44df-a54e-799701235d8a Task timed out after 1.06 seconds\"}",
  "timestamp": 16800
}
{
  "sandboxLog": "\\n{\"errorMessage\":\"2025-04-04T04:56:15.516Z 995ec568-0806-4a78-86a6-5f1db6cbddea Task timed out after 1.06 seconds\"}",
  "lambdaLog": "\\n{\"errorMessage\":\"2025-04-04T04:56:15.516Z 995ec568-0806-4a78-86a6-5f1db6cbddea Task timed out after 1.06 seconds\"}",
  "timestamp": 16900
}
{
  "sandboxLog": "\\n{\"errorMessage\":\"2025-04-04T04:56:16.636Z edef55c0-9461-41a9-aa4f-bba8bb771540 Task timed out after 1.08 seconds\"}",
  "lambdaLog": "\\n{\"errorMessage\":\"2025-04-04T04:56:16.636Z edef55c0-9461-41a9-aa4f-bba8bb771540 Task timed out after 1.08 seconds\"}",
  "timestamp": 17000
}
{
  "sandboxLog": "\\n{\"errorMessage\":\"2025-04-04T04:56:17.756Z 6fe24be5-595d-408b-b7cf-d3ea59ce91d0 Task timed out after 1.08 seconds\"}",
  "lambdaLog": "\\n{\"errorMessage\":\"2025-04-04T04:56:17.756Z 6fe24be5-595d-408b-b7cf-d3ea59ce91d0 Task timed out after 1.08 seconds\"}",
  "timestamp": 17100
}
{
  "sandboxLog": "\\n{\"errorMessage\":\"2025-04-04T04:56:18.956Z 1205e949-0d34-476c-80de-3e35279318c2 Task timed out after 1.16 seconds\"}",
  "lambdaLog": "\\n{\"errorMessage\":\"2025-04-04T04:56:18.956Z 1205e949-0d34-476c-80de-3e35279318c2 Task timed out after 1.16 seconds\"}",
  "timestamp": 17200
}
{
  "sandboxLog": "\\n{\"errorMessage\":\"2025-04-04T04:56:20.158Z b91f2a44-fc2d-4ae1-b514-d8261dfdbcf3 Task timed out after 1.17 seconds\"}",
  "lambdaLog": "\\n{\"errorMessage\":\"2025-04-04T04:56:20.158Z b91f2a44-fc2d-4ae1-b514-d8261dfdbcf3 Task timed out after 1.17 seconds\"}",
  "timestamp": 17300
}
{
  "sandboxLog": "\\n{\"errorMessage\":\"2025-04-04T04:56:21.396Z 0ea8ed93-f9e0-48b3-a4bb-fd67fd316c69 Task timed out after 1.18 seconds\"}",
  "lambdaLog": "\\n{\"errorMessage\":\"2025-04-04T04:56:21.396Z 0ea8ed93-f9e0-48b3-a4bb-fd67fd316c69 Task timed out after 1.18 seconds\"}",
  "timestamp": 17400
}
{
  "sandboxLog": "\\n{\"errorMessage\":\"2025-04-04T04:56:22.477Z fcad48ca-073f-4ae2-ba2c-6ed0abddb0a4 Task timed out after 1.04 seconds\"}",
  "lambdaLog": "\\n{\"errorMessage\":\"2025-04-04T04:56:22.477Z fcad48ca-073f-4ae2-ba2c-6ed0abddb0a4 Task timed out after 1.04 seconds\"}",
  "timestamp": 17500
}
{
  "sandboxLog": "\\n{\"errorMessage\":\"2025-04-04T04:56:23.698Z 6aef3a76-07ad-423f-a51b-5e7cafa97762 Task timed out after 1.18 seconds\"}",
  "lambdaLog": "\\n{\"errorMessage\":\"2025-04-04T04:56:23.698Z 6aef3a76-07ad-423f-a51b-5e7cafa97762 Task timed out after 1.18 seconds\"}",
  "timestamp": 17600
}
{
  "sandboxLog": "\\n{\"errorMessage\":\"2025-04-04T04:56:24.817Z 1445d486-3826-4742-9f38-c9d13458060a Task timed out after 1.04 seconds\"}",
  "lambdaLog": "\\n{\"errorMessage\":\"2025-04-04T04:56:24.817Z 1445d486-3826-4742-9f38-c9d13458060a Task timed out after 1.04 seconds\"}",
  "timestamp": 17700
}
{
  "sandboxLog": "\\n{\"errorMessage\":\"2025-04-04T04:56:26.037Z c52e7edb-6b41-4101-aa04-8c227f91de0a Task timed out after 1.16 seconds\"}",
  "lambdaLog": "\\n{\"errorMessage\":\"2025-04-04T04:56:26.037Z c52e7edb-6b41-4101-aa04-8c227f91de0a Task timed out after 1.16 seconds\"}",
  "timestamp": 17800
}
{
  "sandboxLog": "\\n{\"errorMessage\":\"2025-04-04T04:56:27.117Z f89e14b2-887f-42b4-9044-262e1e631df2 Task timed out after 1.04 seconds\"}",
  "lambdaLog": "\\n{\"errorMessage\":\"2025-04-04T04:56:27.117Z f89e14b2-887f-42b4-9044-262e1e631df2 Task timed out after 1.04 seconds\"}",
  "timestamp": 17900
}
{
  "sandboxLog": "\\n{\"errorMessage\":\"2025-04-04T04:56:28.218Z 30e88ba7-7a41-43df-ab04-93a853d2b7de Task timed out after 1.06 seconds\"}",
  "lambdaLog": "\\n{\"errorMessage\":\"2025-04-04T04:56:28.218Z 30e88ba7-7a41-43df-ab04-93a853d2b7de Task timed out after 1.06 seconds\"}",
  "timestamp": 18000
}
{
  "sandboxLog": "\\n{\"errorMessage\":\"2025-04-04T04:56:29.337Z 937be5a8-b012-4566-bf4e-dbd469ab13f5 Task timed out after 1.06 seconds\"}",
  "lambdaLog": "\\n{\"errorMessage\":\"2025-04-04T04:56:29.337Z 937be5a8-b012-4566-bf4e-dbd469ab13f5 Task timed out after 1.06 seconds\"}",
  "timestamp": 18100
}
{
  "sandboxLog": "\\n{\"errorMessage\":\"2025-04-04T04:56:30.416Z 6362d213-d22f-443c-9e5e-31295bd42f2f Task timed out after 1.04 seconds\"}",
  "lambdaLog": "\\n{\"errorMessage\":\"2025-04-04T04:56:30.416Z 6362d213-d22f-443c-9e5e-31295bd42f2f Task timed out after 1.04 seconds\"}",
  "timestamp": 18200
}
{
  "sandboxLog": "\\n{\"errorMessage\":\"2025-04-04T04:56:31.516Z 33057d23-9378-446e-aa4b-f1871f29162b Task timed out after 1.06 seconds\"}",
  "lambdaLog": "\\n{\"errorMessage\":\"2025-04-04T04:56:31.516Z 33057d23-9378-446e-aa4b-f1871f29162b Task timed out after 1.06 seconds\"}",
  "timestamp": 18300
}
{
  "sandboxLog": "\\n{\"errorMessage\":\"2025-04-04T04:56:32.617Z 587a9b37-00c4-4199-86d3-c89f0954102d Task timed out after 1.06 seconds\"}",
  "lambdaLog": "\\n{\"errorMessage\":\"2025-04-04T04:56:32.617Z 587a9b37-00c4-4199-86d3-c89f0954102d Task timed out after 1.06 seconds\"}",
  "timestamp": 18400
}
{
  "sandboxLog": "\\n{\"errorMessage\":\"2025-04-04T04:56:33.737Z 0d62e9e9-56bf-494d-b22c-a3a94c4ae943 Task timed out after 1.06 seconds\"}",
  "lambdaLog": "\\n{\"errorMessage\":\"2025-04-04T04:56:33.737Z 0d62e9e9-56bf-494d-b22c-a3a94c4ae943 Task timed out after 1.06 seconds\"}",
  "timestamp": 18500
}
{
  "sandboxLog": "\\n{\"errorMessage\":\"2025-04-04T04:56:34.957Z f7dc6b74-6a11-400e-b9d3-f5c54c6c29eb Task timed out after 1.18 seconds\"}",
  "lambdaLog": "\\n{\"errorMessage\":\"2025-04-04T04:56:34.957Z f7dc6b74-6a11-400e-b9d3-f5c54c6c29eb Task timed out after 1.18 seconds\"}",
  "timestamp": 18600
}
{
  "sandboxLog": "\\n{\"errorMessage\":\"2025-04-04T04:56:36.258Z a5d7da6e-a44e-4474-867c-68d42795029a Task timed out after 1.24 seconds\"}",
  "lambdaLog": "\\n{\"errorMessage\":\"2025-04-04T04:56:36.258Z a5d7da6e-a44e-4474-867c-68d42795029a Task timed out after 1.24 seconds\"}",
  "timestamp": 18700
}
{
  "sandboxLog": "\\n{\"errorMessage\":\"2025-04-04T04:56:37.538Z 532d5644-bb4e-45ba-a3d1-bd7d1b4c3526 Task timed out after 1.19 seconds\"}",
  "lambdaLog": "\\n{\"errorMessage\":\"2025-04-04T04:56:37.538Z 532d5644-bb4e-45ba-a3d1-bd7d1b4c3526 Task timed out after 1.19 seconds\"}",
  "timestamp": 18800
}
{
  "sandboxLog": "\\n{\"errorMessage\":\"2025-04-04T04:56:38.677Z f45b6fcf-cd25-4a1f-b622-7b938f7dec76 Task timed out after 1.08 seconds\"}",
  "lambdaLog": "\\n{\"errorMessage\":\"2025-04-04T04:56:38.677Z f45b6fcf-cd25-4a1f-b622-7b938f7dec76 Task timed out after 1.08 seconds\"}",
  "timestamp": 18900
}
{
  "sandboxLog": "\\n{\"errorMessage\":\"2025-04-04T04:56:39.857Z ddb4786d-a08c-47bd-979e-cb08e1834641 Task timed out after 1.10 seconds\"}",
  "lambdaLog": "\\n{\"errorMessage\":\"2025-04-04T04:56:39.857Z ddb4786d-a08c-47bd-979e-cb08e1834641 Task timed out after 1.10 seconds\"}",
  "timestamp": 19000
}
{
  "sandboxLog": "\\n{\"errorMessage\":\"2025-04-04T04:56:41.077Z f9411a2a-1dba-432c-899c-3a2266942ac3 Task timed out after 1.12 seconds\"}",
  "lambdaLog": "\\n{\"errorMessage\":\"2025-04-04T04:56:41.077Z f9411a2a-1dba-432c-899c-3a2266942ac3 Task timed out after 1.12 seconds\"}",
  "timestamp": 19100
}
{
  "sandboxLog": "\\n{\"errorMessage\":\"2025-04-04T04:56:42.196Z f366f754-beb2-4107-b62e-5016f1714af5 Task timed out after 1.08 seconds\"}",
  "lambdaLog": "\\n{\"errorMessage\":\"2025-04-04T04:56:42.196Z f366f754-beb2-4107-b62e-5016f1714af5 Task timed out after 1.08 seconds\"}",
  "timestamp": 19200
}
{
  "sandboxLog": "\\n{\"errorMessage\":\"2025-04-04T04:56:43.278Z 1e0664be-d59d-46ab-ae9d-0b3acb290064 Task timed out after 1.06 seconds\"}",
  "lambdaLog": "\\n{\"errorMessage\":\"2025-04-04T04:56:43.278Z 1e0664be-d59d-46ab-ae9d-0b3acb290064 Task timed out after 1.06 seconds\"}",
  "timestamp": 19300
}
{
  "sandboxLog": "\\n{\"errorMessage\":\"2025-04-04T04:56:44.339Z 3418edde-b239-40b4-a7ac-83c066477270 Task timed out after 1.00 seconds\"}",
  "lambdaLog": "\\n{\"errorMessage\":\"2025-04-04T04:56:44.339Z 3418edde-b239-40b4-a7ac-83c066477270 Task timed out after 1.00 seconds\"}",
  "timestamp": 19400
}
{
  "sandboxLog": "\\n{\"errorMessage\":\"2025-04-04T04:56:45.457Z b45fc412-2ced-4898-ac69-91af98a9e909 Task timed out after 1.04 seconds\"}",
  "lambdaLog": "\\n{\"errorMessage\":\"2025-04-04T04:56:45.457Z b45fc412-2ced-4898-ac69-91af98a9e909 Task timed out after 1.04 seconds\"}",
  "timestamp": 19500
}
{
  "sandboxLog": "\\n{\"errorMessage\":\"2025-04-04T04:56:46.557Z 38839731-a289-44e6-9d1d-f57c81a9d84f Task timed out after 1.04 seconds\"}",
  "lambdaLog": "\\n{\"errorMessage\":\"2025-04-04T04:56:46.557Z 38839731-a289-44e6-9d1d-f57c81a9d84f Task timed out after 1.04 seconds\"}",
  "timestamp": 19600
}
{
  "sandboxLog": "\\n{\"errorMessage\":\"2025-04-04T04:56:47.617Z 5a675ffe-6871-4bab-881a-fdb598897e15 Task timed out after 1.00 seconds\"}",
  "lambdaLog": "\\n{\"errorMessage\":\"2025-04-04T04:56:47.617Z 5a675ffe-6871-4bab-881a-fdb598897e15 Task timed out after 1.00 seconds\"}",
  "timestamp": 19700
}
{
  "sandboxLog": "\\n{\"errorMessage\":\"2025-04-04T04:56:48.697Z 1532795f-aef2-4873-b2e8-eafcd35853d9 Task timed out after 1.04 seconds\"}",
  "lambdaLog": "\\n{\"errorMessage\":\"2025-04-04T04:56:48.697Z 1532795f-aef2-4873-b2e8-eafcd35853d9 Task timed out after 1.04 seconds\"}",
  "timestamp": 19800
}
{
  "sandboxLog": "\\n{\"errorMessage\":\"2025-04-04T04:56:49.956Z 20ec6df5-5276-4d96-b2a7-929640a4c7a5 Task timed out after 1.20 seconds\"}",
  "lambdaLog": "\\n{\"errorMessage\":\"2025-04-04T04:56:49.956Z 20ec6df5-5276-4d96-b2a7-929640a4c7a5 Task timed out after 1.20 seconds\"}",
  "timestamp": 19900
}
{
  "sandboxLog": "\\n{\"errorMessage\":\"2025-04-04T04:56:51.076Z 6c123b8b-c338-4d83-b47b-19f82b6e113e Task timed out after 1.08 seconds\"}",
  "lambdaLog": "\\n{\"errorMessage\":\"2025-04-04T04:56:51.076Z 6c123b8b-c338-4d83-b47b-19f82b6e113e Task timed out after 1.08 seconds\"}",
  "timestamp": 20000
}
{
  "sandboxLog": "Lambda errors have reached maximum value for submission e952c5ba-6a8e-4851-923e-93b52b83c4be",
  "lambdaLog": null,
  "timestamp": 38233
}



Activities log:
day;timestamp;product;bid_price_1;bid_volume_1;bid_price_2;bid_volume_2;bid_price_3;bid_volume_3;ask_price_1;ask_volume_1;ask_price_2;ask_volume_2;ask_price_3;ask_volume_3;mid_price;profit_and_loss




Trade History:
null